2025-06-18 14:59:59,329 - werkzeug - INFO - [31m[1mWARNING: This is a development server. Do not use it in a production deployment. Use a production WSGI server instead.[0m
 * Running on http://127.0.0.1:5000
2025-06-18 14:59:59,329 - werkzeug - INFO - [33mPress CTRL+C to quit[0m
2025-06-18 14:59:59,353 - werkzeug - INFO -  * Restarting with stat
2025-06-18 14:59:59,636 - werkzeug - WARNING -  * Debugger is active!
2025-06-18 14:59:59,641 - werkzeug - INFO -  * Debugger PIN: 135-065-037
2025-06-19 11:41:45,255 - werkzeug - INFO - [31m[1mWARNING: This is a development server. Do not use it in a production deployment. Use a production WSGI server instead.[0m
 * Running on http://127.0.0.1:5000
2025-06-19 11:41:45,256 - werkzeug - INFO - [33mPress CTRL+C to quit[0m
2025-06-19 11:41:45,260 - werkzeug - INFO -  * Restarting with stat
2025-06-19 11:41:45,534 - werkzeug - WARNING -  * Debugger is active!
2025-06-19 11:41:45,538 - werkzeug - INFO -  * Debugger PIN: 135-065-037
2025-06-19 17:44:33,162 - werkzeug - INFO - [31m[1mWARNING: This is a development server. Do not use it in a production deployment. Use a production WSGI server instead.[0m
 * Running on http://127.0.0.1:5000
2025-06-19 17:44:33,163 - werkzeug - INFO - [33mPress CTRL+C to quit[0m
2025-06-19 17:44:33,165 - werkzeug - INFO -  * Restarting with stat
2025-06-19 17:44:33,431 - werkzeug - WARNING -  * Debugger is active!
2025-06-19 17:44:33,434 - werkzeug - INFO -  * Debugger PIN: 135-065-037
2025-06-19 18:22:02,257 - werkzeug - INFO - [31m[1mWARNING: This is a development server. Do not use it in a production deployment. Use a production WSGI server instead.[0m
 * Running on http://127.0.0.1:5000
2025-06-19 18:22:02,257 - werkzeug - INFO - [33mPress CTRL+C to quit[0m
2025-06-19 18:22:02,259 - werkzeug - INFO -  * Restarting with stat
2025-06-19 18:22:02,542 - werkzeug - WARNING -  * Debugger is active!
2025-06-19 18:22:02,545 - werkzeug - INFO -  * Debugger PIN: 135-065-037
2025-06-19 19:31:07,873 - werkzeug - INFO - [31m[1mWARNING: This is a development server. Do not use it in a production deployment. Use a production WSGI server instead.[0m
 * Running on http://127.0.0.1:5000
2025-06-19 19:31:07,873 - werkzeug - INFO - [33mPress CTRL+C to quit[0m
2025-06-19 19:31:07,875 - werkzeug - INFO -  * Restarting with stat
2025-06-19 19:31:08,134 - werkzeug - WARNING -  * Debugger is active!
2025-06-19 19:31:08,139 - werkzeug - INFO -  * Debugger PIN: 135-065-037
2025-06-20 16:16:21,019 - werkzeug - INFO - [31m[1mWARNING: This is a development server. Do not use it in a production deployment. Use a production WSGI server instead.[0m
 * Running on http://127.0.0.1:5000
2025-06-20 16:16:21,020 - werkzeug - INFO - [33mPress CTRL+C to quit[0m
2025-06-20 16:16:21,027 - werkzeug - INFO -  * Restarting with stat
2025-06-20 16:16:21,539 - werkzeug - WARNING -  * Debugger is active!
2025-06-20 16:16:21,546 - werkzeug - INFO -  * Debugger PIN: 135-065-037
2025-06-20 19:23:17,971 - werkzeug - INFO - [31m[1mWARNING: This is a development server. Do not use it in a production deployment. Use a production WSGI server instead.[0m
 * Running on http://127.0.0.1:5000
2025-06-20 19:23:17,980 - werkzeug - INFO - [33mPress CTRL+C to quit[0m
2025-06-20 19:23:17,986 - werkzeug - INFO -  * Restarting with stat
2025-06-20 19:23:18,262 - werkzeug - WARNING -  * Debugger is active!
2025-06-20 19:23:18,266 - werkzeug - INFO -  * Debugger PIN: 135-065-037
2025-06-21 08:56:13,507 - werkzeug - INFO - [31m[1mWARNING: This is a development server. Do not use it in a production deployment. Use a production WSGI server instead.[0m
 * Running on http://127.0.0.1:5000
2025-06-21 08:56:13,524 - werkzeug - INFO - [33mPress CTRL+C to quit[0m
2025-06-21 08:56:13,531 - werkzeug - INFO -  * Restarting with stat
2025-06-21 08:56:13,807 - werkzeug - WARNING -  * Debugger is active!
2025-06-21 08:56:13,811 - werkzeug - INFO -  * Debugger PIN: 135-065-037
2025-06-21 09:23:16,706 - werkzeug - INFO - 127.0.0.1 - - [21/Jun/2025 09:23:16] "GET /api/devoluciones HTTP/1.1" 200 -
2025-06-21 09:28:19,593 - werkzeug - INFO - 127.0.0.1 - - [21/Jun/2025 09:28:19] "GET /api/devoluciones HTTP/1.1" 200 -
2025-06-21 09:30:02,335 - werkzeug - INFO - 127.0.0.1 - - [21/Jun/2025 09:30:02] "GET /api/devoluciones HTTP/1.1" 200 -
2025-06-21 09:30:56,233 - werkzeug - INFO - 127.0.0.1 - - [21/Jun/2025 09:30:56] "GET /api/devoluciones HTTP/1.1" 200 -
2025-06-21 09:31:43,031 - werkzeug - INFO - 127.0.0.1 - - [21/Jun/2025 09:31:43] "GET /api/devoluciones HTTP/1.1" 200 -
2025-06-21 09:31:56,817 - werkzeug - INFO - 127.0.0.1 - - [21/Jun/2025 09:31:56] "GET /api/devoluciones HTTP/1.1" 200 -
2025-06-21 09:32:13,804 - werkzeug - INFO - 127.0.0.1 - - [21/Jun/2025 09:32:13] "GET /api/devoluciones HTTP/1.1" 200 -
2025-06-21 09:41:24,594 - werkzeug - INFO - 127.0.0.1 - - [21/Jun/2025 09:41:24] "GET /api/devoluciones HTTP/1.1" 200 -
2025-06-21 09:45:27,160 - werkzeug - INFO - 127.0.0.1 - - [21/Jun/2025 09:45:27] "GET /api/devoluciones HTTP/1.1" 200 -
2025-06-21 10:30:39,594 - werkzeug - INFO - 127.0.0.1 - - [21/Jun/2025 10:30:39] "GET /api/devoluciones HTTP/1.1" 200 -
2025-06-21 10:41:25,939 - werkzeug - INFO - 127.0.0.1 - - [21/Jun/2025 10:41:25] "GET /api/devoluciones HTTP/1.1" 200 -
2025-06-21 10:41:28,982 - werkzeug - INFO - 127.0.0.1 - - [21/Jun/2025 10:41:28] "[31m[1mGET /api/devoluciones/7 HTTP/1.1[0m" 405 -
2025-06-21 10:41:54,750 - werkzeug - INFO - 127.0.0.1 - - [21/Jun/2025 10:41:54] "[31m[1mGET /api/devoluciones/5 HTTP/1.1[0m" 405 -
2025-06-21 10:43:58,050 - werkzeug - INFO -  * Detected change in 'D:\\SitioWeb\\sistema-devoluciones\\backend\\app.py', reloading
2025-06-21 10:43:58,115 - werkzeug - INFO -  * Restarting with stat
2025-06-21 10:43:59,303 - werkzeug - WARNING -  * Debugger is active!
2025-06-21 10:43:59,306 - werkzeug - INFO -  * Debugger PIN: 135-065-037
2025-06-21 10:44:12,004 - werkzeug - INFO - 127.0.0.1 - - [21/Jun/2025 10:44:12] "GET /api/devoluciones HTTP/1.1" 200 -
2025-06-21 10:44:13,629 - werkzeug - INFO - 127.0.0.1 - - [21/Jun/2025 10:44:13] "GET /api/devoluciones/7 HTTP/1.1" 200 -
2025-06-21 10:44:24,074 - werkzeug - INFO - 127.0.0.1 - - [21/Jun/2025 10:44:24] "[33mOPTIONS /api/devoluciones/7/requerimiento HTTP/1.1[0m" 404 -
2025-06-21 10:52:15,396 - werkzeug - INFO - 127.0.0.1 - - [21/Jun/2025 10:52:15] "GET /api/devoluciones HTTP/1.1" 200 -
2025-06-21 10:52:21,360 - werkzeug - INFO - 127.0.0.1 - - [21/Jun/2025 10:52:21] "OPTIONS /api/devoluciones HTTP/1.1" 200 -
2025-06-21 10:52:21,829 - werkzeug - INFO - 127.0.0.1 - - [21/Jun/2025 10:52:21] "[35m[1mPOST /api/devoluciones HTTP/1.1[0m" 201 -
2025-06-21 10:52:21,928 - werkzeug - INFO - 127.0.0.1 - - [21/Jun/2025 10:52:21] "GET /api/devoluciones HTTP/1.1" 200 -
2025-06-21 10:52:32,773 - werkzeug - INFO - 127.0.0.1 - - [21/Jun/2025 10:52:32] "GET /api/devoluciones/5 HTTP/1.1" 200 -
2025-06-21 10:53:00,785 - werkzeug - INFO - 127.0.0.1 - - [21/Jun/2025 10:53:00] "GET /api/devoluciones/4 HTTP/1.1" 200 -
2025-06-21 10:53:06,422 - werkzeug - INFO - 127.0.0.1 - - [21/Jun/2025 10:53:06] "[33mOPTIONS /api/devoluciones/4/requerimiento HTTP/1.1[0m" 404 -
2025-06-21 10:55:50,229 - werkzeug - INFO - 127.0.0.1 - - [21/Jun/2025 10:55:50] "GET /api/devoluciones HTTP/1.1" 200 -
2025-06-21 10:55:56,553 - werkzeug - INFO - 127.0.0.1 - - [21/Jun/2025 10:55:56] "GET /api/devoluciones/1 HTTP/1.1" 200 -
2025-06-21 10:55:59,206 - werkzeug - INFO - 127.0.0.1 - - [21/Jun/2025 10:55:59] "OPTIONS /api/devoluciones/1/requerimientos HTTP/1.1" 200 -
2025-06-21 10:56:00,405 - app - ERROR - Error enviando email: 'ascii' codec can't encode character '\xf1' in position 29: ordinal not in range(128)
2025-06-21 10:56:00,405 - root - INFO - Email enviado para devolución 1
2025-06-21 10:56:00,405 - werkzeug - INFO - 127.0.0.1 - - [21/Jun/2025 10:56:00] "POST /api/devoluciones/1/requerimientos HTTP/1.1" 200 -
2025-06-21 10:56:00,412 - werkzeug - INFO - 127.0.0.1 - - [21/Jun/2025 10:56:00] "GET /api/devoluciones HTTP/1.1" 200 -
2025-06-21 10:56:01,506 - werkzeug - INFO - 127.0.0.1 - - [21/Jun/2025 10:56:01] "OPTIONS /api/devoluciones/1/requerimientos HTTP/1.1" 200 -
2025-06-21 10:56:02,264 - app - ERROR - Error enviando email: 'ascii' codec can't encode character '\xf1' in position 29: ordinal not in range(128)
2025-06-21 10:56:02,264 - root - INFO - Email enviado para devolución 1
2025-06-21 10:56:02,265 - werkzeug - INFO - 127.0.0.1 - - [21/Jun/2025 10:56:02] "POST /api/devoluciones/1/requerimientos HTTP/1.1" 200 -
2025-06-21 10:56:02,272 - werkzeug - INFO - 127.0.0.1 - - [21/Jun/2025 10:56:02] "GET /api/devoluciones HTTP/1.1" 200 -
2025-06-21 10:56:02,853 - werkzeug - INFO - 127.0.0.1 - - [21/Jun/2025 10:56:02] "OPTIONS /api/devoluciones/1/requerimientos HTTP/1.1" 200 -
2025-06-21 10:56:03,230 - werkzeug - INFO - 127.0.0.1 - - [21/Jun/2025 10:56:03] "OPTIONS /api/devoluciones/1/requerimientos HTTP/1.1" 200 -
2025-06-21 10:56:03,582 - app - ERROR - Error enviando email: 'ascii' codec can't encode character '\xf1' in position 29: ordinal not in range(128)
2025-06-21 10:56:03,583 - root - INFO - Email enviado para devolución 1
2025-06-21 10:56:03,584 - werkzeug - INFO - 127.0.0.1 - - [21/Jun/2025 10:56:03] "POST /api/devoluciones/1/requerimientos HTTP/1.1" 200 -
2025-06-21 10:56:03,749 - werkzeug - INFO - 127.0.0.1 - - [21/Jun/2025 10:56:03] "OPTIONS /api/devoluciones/1/requerimientos HTTP/1.1" 200 -
2025-06-21 10:56:03,907 - werkzeug - INFO - 127.0.0.1 - - [21/Jun/2025 10:56:03] "GET /api/devoluciones HTTP/1.1" 200 -
2025-06-21 10:56:04,058 - app - ERROR - Error enviando email: 'ascii' codec can't encode character '\xf1' in position 29: ordinal not in range(128)
2025-06-21 10:56:04,058 - root - INFO - Email enviado para devolución 1
2025-06-21 10:56:04,058 - werkzeug - INFO - 127.0.0.1 - - [21/Jun/2025 10:56:04] "POST /api/devoluciones/1/requerimientos HTTP/1.1" 200 -
2025-06-21 10:56:04,367 - werkzeug - INFO - 127.0.0.1 - - [21/Jun/2025 10:56:04] "GET /api/devoluciones HTTP/1.1" 200 -
2025-06-21 10:56:04,574 - app - ERROR - Error enviando email: 'ascii' codec can't encode character '\xf1' in position 29: ordinal not in range(128)
2025-06-21 10:56:04,574 - root - INFO - Email enviado para devolución 1
2025-06-21 10:56:04,574 - werkzeug - INFO - 127.0.0.1 - - [21/Jun/2025 10:56:04] "POST /api/devoluciones/1/requerimientos HTTP/1.1" 200 -
2025-06-21 10:56:04,896 - werkzeug - INFO - 127.0.0.1 - - [21/Jun/2025 10:56:04] "GET /api/devoluciones HTTP/1.1" 200 -
2025-06-21 10:56:05,471 - werkzeug - INFO - 127.0.0.1 - - [21/Jun/2025 10:56:05] "OPTIONS /api/devoluciones/1/requerimientos HTTP/1.1" 200 -
2025-06-21 10:56:06,042 - werkzeug - INFO - 127.0.0.1 - - [21/Jun/2025 10:56:06] "OPTIONS /api/devoluciones/1/requerimientos HTTP/1.1" 200 -
2025-06-21 10:56:06,247 - app - ERROR - Error enviando email: 'ascii' codec can't encode character '\xf1' in position 29: ordinal not in range(128)
2025-06-21 10:56:06,248 - root - INFO - Email enviado para devolución 1
2025-06-21 10:56:06,248 - werkzeug - INFO - 127.0.0.1 - - [21/Jun/2025 10:56:06] "POST /api/devoluciones/1/requerimientos HTTP/1.1" 200 -
2025-06-21 10:56:06,351 - werkzeug - INFO - 127.0.0.1 - - [21/Jun/2025 10:56:06] "GET /api/devoluciones HTTP/1.1" 200 -
2025-06-21 10:56:06,599 - app - ERROR - Error enviando email: 'ascii' codec can't encode character '\xf1' in position 29: ordinal not in range(128)
2025-06-21 10:56:06,599 - root - INFO - Email enviado para devolución 1
2025-06-21 10:56:06,600 - werkzeug - INFO - 127.0.0.1 - - [21/Jun/2025 10:56:06] "POST /api/devoluciones/1/requerimientos HTTP/1.1" 200 -
2025-06-21 10:56:06,606 - werkzeug - INFO - 127.0.0.1 - - [21/Jun/2025 10:56:06] "GET /api/devoluciones HTTP/1.1" 200 -
2025-06-21 10:56:07,447 - werkzeug - INFO - 127.0.0.1 - - [21/Jun/2025 10:56:07] "OPTIONS /api/devoluciones/1/requerimientos HTTP/1.1" 200 -
2025-06-21 10:56:07,932 - werkzeug - INFO - 127.0.0.1 - - [21/Jun/2025 10:56:07] "OPTIONS /api/devoluciones/1/requerimientos HTTP/1.1" 200 -
2025-06-21 10:56:08,229 - app - ERROR - Error enviando email: 'ascii' codec can't encode character '\xf1' in position 29: ordinal not in range(128)
2025-06-21 10:56:08,231 - root - INFO - Email enviado para devolución 1
2025-06-21 10:56:08,231 - werkzeug - INFO - 127.0.0.1 - - [21/Jun/2025 10:56:08] "POST /api/devoluciones/1/requerimientos HTTP/1.1" 200 -
2025-06-21 10:56:08,498 - werkzeug - INFO - 127.0.0.1 - - [21/Jun/2025 10:56:08] "OPTIONS /api/devoluciones/1/requerimientos HTTP/1.1" 200 -
2025-06-21 10:56:08,544 - werkzeug - INFO - 127.0.0.1 - - [21/Jun/2025 10:56:08] "GET /api/devoluciones HTTP/1.1" 200 -
2025-06-21 10:56:08,793 - app - ERROR - Error enviando email: 'ascii' codec can't encode character '\xf1' in position 29: ordinal not in range(128)
2025-06-21 10:56:08,793 - root - INFO - Email enviado para devolución 1
2025-06-21 10:56:08,794 - werkzeug - INFO - 127.0.0.1 - - [21/Jun/2025 10:56:08] "POST /api/devoluciones/1/requerimientos HTTP/1.1" 200 -
2025-06-21 10:56:09,112 - werkzeug - INFO - 127.0.0.1 - - [21/Jun/2025 10:56:09] "GET /api/devoluciones HTTP/1.1" 200 -
2025-06-21 10:56:09,288 - app - ERROR - Error enviando email: 'ascii' codec can't encode character '\xf1' in position 29: ordinal not in range(128)
2025-06-21 10:56:09,288 - root - INFO - Email enviado para devolución 1
2025-06-21 10:56:09,289 - werkzeug - INFO - 127.0.0.1 - - [21/Jun/2025 10:56:09] "POST /api/devoluciones/1/requerimientos HTTP/1.1" 200 -
2025-06-21 10:56:09,602 - werkzeug - INFO - 127.0.0.1 - - [21/Jun/2025 10:56:09] "GET /api/devoluciones HTTP/1.1" 200 -
2025-06-21 10:56:09,866 - werkzeug - INFO - 127.0.0.1 - - [21/Jun/2025 10:56:09] "OPTIONS /api/devoluciones/1/requerimientos HTTP/1.1" 200 -
2025-06-21 10:56:10,187 - werkzeug - INFO - 127.0.0.1 - - [21/Jun/2025 10:56:10] "OPTIONS /api/devoluciones/1/requerimientos HTTP/1.1" 200 -
2025-06-21 10:56:10,463 - app - ERROR - Error enviando email: 'ascii' codec can't encode character '\xf1' in position 29: ordinal not in range(128)
2025-06-21 10:56:10,464 - root - INFO - Email enviado para devolución 1
2025-06-21 10:56:10,464 - werkzeug - INFO - 127.0.0.1 - - [21/Jun/2025 10:56:10] "POST /api/devoluciones/1/requerimientos HTTP/1.1" 200 -
2025-06-21 10:56:10,498 - werkzeug - INFO - 127.0.0.1 - - [21/Jun/2025 10:56:10] "GET /api/devoluciones HTTP/1.1" 200 -
2025-06-21 10:56:10,763 - app - ERROR - Error enviando email: 'ascii' codec can't encode character '\xf1' in position 29: ordinal not in range(128)
2025-06-21 10:56:10,763 - root - INFO - Email enviado para devolución 1
2025-06-21 10:56:10,764 - werkzeug - INFO - 127.0.0.1 - - [21/Jun/2025 10:56:10] "POST /api/devoluciones/1/requerimientos HTTP/1.1" 200 -
2025-06-21 10:56:10,774 - werkzeug - INFO - 127.0.0.1 - - [21/Jun/2025 10:56:10] "OPTIONS /api/devoluciones/1/requerimientos HTTP/1.1" 200 -
2025-06-21 10:56:10,821 - werkzeug - INFO - 127.0.0.1 - - [21/Jun/2025 10:56:10] "OPTIONS /api/devoluciones/1/requerimientos HTTP/1.1" 200 -
2025-06-21 10:56:11,021 - werkzeug - INFO - 127.0.0.1 - - [21/Jun/2025 10:56:11] "GET /api/devoluciones HTTP/1.1" 200 -
2025-06-21 10:56:11,406 - werkzeug - INFO - 127.0.0.1 - - [21/Jun/2025 10:56:11] "OPTIONS /api/devoluciones/1/requerimientos HTTP/1.1" 200 -
2025-06-21 10:56:11,536 - app - ERROR - Error enviando email: 'ascii' codec can't encode character '\xf1' in position 29: ordinal not in range(128)
2025-06-21 10:56:11,536 - root - INFO - Email enviado para devolución 1
2025-06-21 10:56:11,536 - werkzeug - INFO - 127.0.0.1 - - [21/Jun/2025 10:56:11] "POST /api/devoluciones/1/requerimientos HTTP/1.1" 200 -
2025-06-21 10:56:11,563 - app - ERROR - Error enviando email: 'ascii' codec can't encode character '\xf1' in position 29: ordinal not in range(128)
2025-06-21 10:56:11,563 - root - INFO - Email enviado para devolución 1
2025-06-21 10:56:11,563 - werkzeug - INFO - 127.0.0.1 - - [21/Jun/2025 10:56:11] "POST /api/devoluciones/1/requerimientos HTTP/1.1" 200 -
2025-06-21 10:56:11,845 - werkzeug - INFO - 127.0.0.1 - - [21/Jun/2025 10:56:11] "GET /api/devoluciones HTTP/1.1" 200 -
2025-06-21 10:56:11,872 - werkzeug - INFO - 127.0.0.1 - - [21/Jun/2025 10:56:11] "GET /api/devoluciones HTTP/1.1" 200 -
2025-06-21 10:56:11,934 - werkzeug - INFO - 127.0.0.1 - - [21/Jun/2025 10:56:11] "OPTIONS /api/devoluciones/1/requerimientos HTTP/1.1" 200 -
2025-06-21 10:56:12,167 - app - ERROR - Error enviando email: 'ascii' codec can't encode character '\xf1' in position 29: ordinal not in range(128)
2025-06-21 10:56:12,168 - root - INFO - Email enviado para devolución 1
2025-06-21 10:56:12,168 - werkzeug - INFO - 127.0.0.1 - - [21/Jun/2025 10:56:12] "POST /api/devoluciones/1/requerimientos HTTP/1.1" 200 -
2025-06-21 10:56:12,493 - werkzeug - INFO - 127.0.0.1 - - [21/Jun/2025 10:56:12] "GET /api/devoluciones HTTP/1.1" 200 -
2025-06-21 10:56:12,754 - app - ERROR - Error enviando email: 'ascii' codec can't encode character '\xf1' in position 29: ordinal not in range(128)
2025-06-21 10:56:12,754 - root - INFO - Email enviado para devolución 1
2025-06-21 10:56:12,755 - werkzeug - INFO - 127.0.0.1 - - [21/Jun/2025 10:56:12] "POST /api/devoluciones/1/requerimientos HTTP/1.1" 200 -
2025-06-21 10:56:13,077 - werkzeug - INFO - 127.0.0.1 - - [21/Jun/2025 10:56:13] "GET /api/devoluciones HTTP/1.1" 200 -
2025-06-21 10:56:15,761 - werkzeug - INFO - 127.0.0.1 - - [21/Jun/2025 10:56:15] "OPTIONS /api/devoluciones/1/requerimientos HTTP/1.1" 200 -
2025-06-21 10:56:16,548 - app - ERROR - Error enviando email: 'ascii' codec can't encode character '\xf1' in position 29: ordinal not in range(128)
2025-06-21 10:56:16,549 - root - INFO - Email enviado para devolución 1
2025-06-21 10:56:16,550 - werkzeug - INFO - 127.0.0.1 - - [21/Jun/2025 10:56:16] "POST /api/devoluciones/1/requerimientos HTTP/1.1" 200 -
2025-06-21 10:56:16,557 - werkzeug - INFO - 127.0.0.1 - - [21/Jun/2025 10:56:16] "GET /api/devoluciones HTTP/1.1" 200 -
2025-06-21 10:56:19,730 - werkzeug - INFO - 127.0.0.1 - - [21/Jun/2025 10:56:19] "OPTIONS /api/devoluciones/1/requerimientos HTTP/1.1" 200 -
2025-06-21 10:56:20,771 - app - ERROR - Error enviando email: 'ascii' codec can't encode character '\xf1' in position 29: ordinal not in range(128)
2025-06-21 10:56:20,771 - root - INFO - Email enviado para devolución 1
2025-06-21 10:56:20,772 - werkzeug - INFO - 127.0.0.1 - - [21/Jun/2025 10:56:20] "POST /api/devoluciones/1/requerimientos HTTP/1.1" 200 -
2025-06-21 10:56:20,782 - werkzeug - INFO - 127.0.0.1 - - [21/Jun/2025 10:56:20] "GET /api/devoluciones HTTP/1.1" 200 -
2025-06-21 10:56:35,858 - werkzeug - INFO - 127.0.0.1 - - [21/Jun/2025 10:56:35] "OPTIONS /api/devoluciones/1/requerimientos HTTP/1.1" 200 -
2025-06-21 10:56:36,661 - app - ERROR - Error enviando email: 'ascii' codec can't encode character '\xf1' in position 29: ordinal not in range(128)
2025-06-21 10:56:36,662 - root - INFO - Email enviado para devolución 1
2025-06-21 10:56:36,662 - werkzeug - INFO - 127.0.0.1 - - [21/Jun/2025 10:56:36] "POST /api/devoluciones/1/requerimientos HTTP/1.1" 200 -
2025-06-21 10:56:36,668 - werkzeug - INFO - 127.0.0.1 - - [21/Jun/2025 10:56:36] "GET /api/devoluciones HTTP/1.1" 200 -
2025-06-21 10:56:44,781 - werkzeug - INFO - 127.0.0.1 - - [21/Jun/2025 10:56:44] "GET /api/devoluciones HTTP/1.1" 200 -
2025-06-21 11:00:04,622 - werkzeug - INFO - 127.0.0.1 - - [21/Jun/2025 11:00:04] "GET /api/devoluciones HTTP/1.1" 200 -
2025-06-21 11:02:47,893 - werkzeug - INFO - 127.0.0.1 - - [21/Jun/2025 11:02:47] "GET /api/devoluciones HTTP/1.1" 200 -
2025-06-21 11:03:05,457 - werkzeug - INFO - 127.0.0.1 - - [21/Jun/2025 11:03:05] "GET /api/devoluciones/7 HTTP/1.1" 200 -
2025-06-21 11:03:08,672 - werkzeug - INFO - 127.0.0.1 - - [21/Jun/2025 11:03:08] "OPTIONS /api/devoluciones/7/requerimientos HTTP/1.1" 200 -
2025-06-21 11:03:09,512 - app - ERROR - Error enviando email: 'ascii' codec can't encode character '\xf1' in position 29: ordinal not in range(128)
2025-06-21 11:03:09,512 - root - INFO - Email enviado para devolución 7
2025-06-21 11:03:09,513 - werkzeug - INFO - 127.0.0.1 - - [21/Jun/2025 11:03:09] "POST /api/devoluciones/7/requerimientos HTTP/1.1" 200 -
2025-06-21 11:03:09,519 - werkzeug - INFO - 127.0.0.1 - - [21/Jun/2025 11:03:09] "GET /api/devoluciones HTTP/1.1" 200 -
2025-06-23 16:17:34,801 - werkzeug - INFO - 127.0.0.1 - - [23/Jun/2025 16:17:34] "GET /api/devoluciones HTTP/1.1" 200 -
2025-06-23 16:34:33,696 - werkzeug - INFO - 127.0.0.1 - - [23/Jun/2025 16:34:33] "GET /api/devoluciones HTTP/1.1" 200 -
2025-06-23 16:34:41,131 - werkzeug - INFO - 127.0.0.1 - - [23/Jun/2025 16:34:41] "GET /api/devoluciones/8 HTTP/1.1" 200 -
2025-06-23 16:34:52,256 - werkzeug - INFO - 127.0.0.1 - - [23/Jun/2025 16:34:52] "GET /api/devoluciones/8 HTTP/1.1" 200 -
2025-06-23 16:34:52,891 - werkzeug - INFO - 127.0.0.1 - - [23/Jun/2025 16:34:52] "GET /api/devoluciones/8 HTTP/1.1" 200 -
2025-06-23 16:35:10,065 - werkzeug - INFO - 127.0.0.1 - - [23/Jun/2025 16:35:10] "GET /api/devoluciones/7 HTTP/1.1" 200 -
2025-06-23 16:35:11,473 - werkzeug - INFO - 127.0.0.1 - - [23/Jun/2025 16:35:11] "GET /api/devoluciones/7 HTTP/1.1" 200 -
2025-06-23 16:35:12,000 - werkzeug - INFO - 127.0.0.1 - - [23/Jun/2025 16:35:12] "GET /api/devoluciones/7 HTTP/1.1" 200 -
2025-06-23 16:35:12,215 - werkzeug - INFO - 127.0.0.1 - - [23/Jun/2025 16:35:12] "GET /api/devoluciones/7 HTTP/1.1" 200 -
2025-06-23 16:35:13,129 - werkzeug - INFO - 127.0.0.1 - - [23/Jun/2025 16:35:13] "GET /api/devoluciones/1 HTTP/1.1" 200 -
2025-06-23 16:35:39,390 - werkzeug - INFO - 127.0.0.1 - - [23/Jun/2025 16:35:39] "GET /api/devoluciones/4 HTTP/1.1" 200 -
2025-06-23 16:47:19,390 - werkzeug - INFO - 127.0.0.1 - - [23/Jun/2025 16:47:19] "GET /api/devoluciones HTTP/1.1" 200 -
2025-06-23 16:47:23,106 - werkzeug - INFO - 127.0.0.1 - - [23/Jun/2025 16:47:23] "GET /api/devoluciones/8 HTTP/1.1" 200 -
2025-06-23 16:49:25,789 - werkzeug - INFO - 127.0.0.1 - - [23/Jun/2025 16:49:25] "GET /api/devoluciones HTTP/1.1" 200 -
2025-06-23 16:49:28,274 - werkzeug - INFO - 127.0.0.1 - - [23/Jun/2025 16:49:28] "GET /api/devoluciones/8 HTTP/1.1" 200 -
2025-06-23 16:50:04,940 - werkzeug - INFO - 127.0.0.1 - - [23/Jun/2025 16:50:04] "GET /api/devoluciones HTTP/1.1" 200 -
2025-06-23 16:51:41,363 - werkzeug - INFO - 127.0.0.1 - - [23/Jun/2025 16:51:41] "GET /api/devoluciones HTTP/1.1" 200 -
2025-06-23 16:51:43,606 - werkzeug - INFO - 127.0.0.1 - - [23/Jun/2025 16:51:43] "GET /api/devoluciones/8 HTTP/1.1" 200 -
2025-06-23 16:56:25,566 - werkzeug - INFO - 127.0.0.1 - - [23/Jun/2025 16:56:25] "GET /api/devoluciones HTTP/1.1" 200 -
2025-06-23 16:56:28,002 - werkzeug - INFO - 127.0.0.1 - - [23/Jun/2025 16:56:28] "GET /api/devoluciones/8 HTTP/1.1" 200 -
2025-06-23 16:56:41,348 - werkzeug - INFO - 127.0.0.1 - - [23/Jun/2025 16:56:41] "GET /api/devoluciones/7 HTTP/1.1" 200 -
2025-06-23 16:56:41,706 - werkzeug - INFO - 127.0.0.1 - - [23/Jun/2025 16:56:41] "GET /api/devoluciones/7 HTTP/1.1" 200 -
2025-06-23 16:56:42,198 - werkzeug - INFO - 127.0.0.1 - - [23/Jun/2025 16:56:42] "GET /api/devoluciones/7 HTTP/1.1" 200 -
2025-06-23 16:56:42,416 - werkzeug - INFO - 127.0.0.1 - - [23/Jun/2025 16:56:42] "GET /api/devoluciones/7 HTTP/1.1" 200 -
2025-06-23 17:00:03,269 - werkzeug - INFO - 127.0.0.1 - - [23/Jun/2025 17:00:03] "GET /api/devoluciones HTTP/1.1" 200 -
2025-06-23 17:00:05,499 - werkzeug - INFO - 127.0.0.1 - - [23/Jun/2025 17:00:05] "GET /api/devoluciones/8 HTTP/1.1" 200 -
2025-06-23 17:01:25,708 - werkzeug - INFO - 127.0.0.1 - - [23/Jun/2025 17:01:25] "GET /api/devoluciones HTTP/1.1" 200 -
2025-06-23 17:01:28,811 - werkzeug - INFO - 127.0.0.1 - - [23/Jun/2025 17:01:28] "GET /api/devoluciones/8 HTTP/1.1" 200 -
2025-06-23 17:03:33,456 - werkzeug - INFO - 127.0.0.1 - - [23/Jun/2025 17:03:33] "GET /api/devoluciones HTTP/1.1" 200 -
2025-06-23 17:03:36,049 - werkzeug - INFO - 127.0.0.1 - - [23/Jun/2025 17:03:36] "GET /api/devoluciones/8 HTTP/1.1" 200 -
2025-06-23 17:04:30,189 - werkzeug - INFO - 127.0.0.1 - - [23/Jun/2025 17:04:30] "GET /api/devoluciones/1 HTTP/1.1" 200 -
2025-06-23 17:13:37,178 - werkzeug - INFO - 127.0.0.1 - - [23/Jun/2025 17:13:37] "OPTIONS /api/devoluciones/1/requerimientos HTTP/1.1" 200 -
2025-06-23 17:13:38,169 - app - ERROR - Error enviando email: 'ascii' codec can't encode character '\xf1' in position 29: ordinal not in range(128)
2025-06-23 17:13:38,169 - root - INFO - Email enviado para devolución 1
2025-06-23 17:13:38,170 - werkzeug - INFO - 127.0.0.1 - - [23/Jun/2025 17:13:38] "POST /api/devoluciones/1/requerimientos HTTP/1.1" 200 -
2025-06-23 17:13:38,176 - werkzeug - INFO - 127.0.0.1 - - [23/Jun/2025 17:13:38] "GET /api/devoluciones HTTP/1.1" 200 -
2025-06-23 17:13:38,754 - werkzeug - INFO - 127.0.0.1 - - [23/Jun/2025 17:13:38] "OPTIONS /api/devoluciones/1/requerimientos HTTP/1.1" 200 -
2025-06-23 17:13:39,550 - app - ERROR - Error enviando email: 'ascii' codec can't encode character '\xf1' in position 29: ordinal not in range(128)
2025-06-23 17:13:39,550 - root - INFO - Email enviado para devolución 1
2025-06-23 17:13:39,550 - werkzeug - INFO - 127.0.0.1 - - [23/Jun/2025 17:13:39] "POST /api/devoluciones/1/requerimientos HTTP/1.1" 200 -
2025-06-23 17:13:39,557 - werkzeug - INFO - 127.0.0.1 - - [23/Jun/2025 17:13:39] "GET /api/devoluciones HTTP/1.1" 200 -
2025-06-23 17:13:40,303 - werkzeug - INFO - 127.0.0.1 - - [23/Jun/2025 17:13:40] "OPTIONS /api/devoluciones/1/requerimientos HTTP/1.1" 200 -
2025-06-23 17:13:41,449 - app - ERROR - Error enviando email: 'ascii' codec can't encode character '\xf1' in position 29: ordinal not in range(128)
2025-06-23 17:13:41,449 - root - INFO - Email enviado para devolución 1
2025-06-23 17:13:41,450 - werkzeug - INFO - 127.0.0.1 - - [23/Jun/2025 17:13:41] "POST /api/devoluciones/1/requerimientos HTTP/1.1" 200 -
2025-06-23 17:13:41,456 - werkzeug - INFO - 127.0.0.1 - - [23/Jun/2025 17:13:41] "GET /api/devoluciones HTTP/1.1" 200 -
2025-06-23 17:13:52,650 - werkzeug - INFO - 127.0.0.1 - - [23/Jun/2025 17:13:52] "GET /api/devoluciones HTTP/1.1" 200 -
2025-06-23 17:13:54,834 - werkzeug - INFO - 127.0.0.1 - - [23/Jun/2025 17:13:54] "GET /api/devoluciones/7 HTTP/1.1" 200 -
2025-06-23 17:20:06,920 - werkzeug - INFO - 127.0.0.1 - - [23/Jun/2025 17:20:06] "GET /api/devoluciones HTTP/1.1" 200 -
2025-06-23 17:20:10,866 - werkzeug - INFO - 127.0.0.1 - - [23/Jun/2025 17:20:10] "GET /api/devoluciones/8 HTTP/1.1" 200 -
2025-06-23 17:23:02,973 - werkzeug - INFO - 127.0.0.1 - - [23/Jun/2025 17:23:02] "GET /api/devoluciones HTTP/1.1" 200 -
2025-06-23 17:23:05,756 - werkzeug - INFO - 127.0.0.1 - - [23/Jun/2025 17:23:05] "GET /api/devoluciones/8 HTTP/1.1" 200 -
2025-06-23 17:23:09,791 - werkzeug - INFO - 127.0.0.1 - - [23/Jun/2025 17:23:09] "OPTIONS /api/devoluciones/8 HTTP/1.1" 200 -
2025-06-23 17:23:10,123 - werkzeug - INFO - 127.0.0.1 - - [23/Jun/2025 17:23:10] "PUT /api/devoluciones/8 HTTP/1.1" 200 -
2025-06-23 17:23:10,132 - werkzeug - INFO - 127.0.0.1 - - [23/Jun/2025 17:23:10] "GET /api/devoluciones/8 HTTP/1.1" 200 -
2025-06-23 17:23:11,114 - werkzeug - INFO - 127.0.0.1 - - [23/Jun/2025 17:23:11] "OPTIONS /api/devoluciones/8 HTTP/1.1" 200 -
2025-06-23 17:23:11,361 - werkzeug - INFO - 127.0.0.1 - - [23/Jun/2025 17:23:11] "PUT /api/devoluciones/8 HTTP/1.1" 200 -
2025-06-23 17:23:11,424 - werkzeug - INFO - 127.0.0.1 - - [23/Jun/2025 17:23:11] "GET /api/devoluciones/8 HTTP/1.1" 200 -
2025-06-23 17:23:12,743 - werkzeug - INFO - 127.0.0.1 - - [23/Jun/2025 17:23:12] "OPTIONS /api/devoluciones/8 HTTP/1.1" 200 -
2025-06-23 17:23:13,143 - werkzeug - INFO - 127.0.0.1 - - [23/Jun/2025 17:23:13] "PUT /api/devoluciones/8 HTTP/1.1" 200 -
2025-06-23 17:23:13,313 - werkzeug - INFO - 127.0.0.1 - - [23/Jun/2025 17:23:13] "GET /api/devoluciones/8 HTTP/1.1" 200 -
2025-06-23 17:23:13,451 - werkzeug - INFO - 127.0.0.1 - - [23/Jun/2025 17:23:13] "OPTIONS /api/devoluciones/8 HTTP/1.1" 200 -
2025-06-23 17:23:13,574 - werkzeug - INFO - 127.0.0.1 - - [23/Jun/2025 17:23:13] "PUT /api/devoluciones/8 HTTP/1.1" 200 -
2025-06-23 17:23:13,759 - werkzeug - INFO - 127.0.0.1 - - [23/Jun/2025 17:23:13] "GET /api/devoluciones/8 HTTP/1.1" 200 -
2025-06-23 17:23:13,886 - werkzeug - INFO - 127.0.0.1 - - [23/Jun/2025 17:23:13] "OPTIONS /api/devoluciones/8 HTTP/1.1" 200 -
2025-06-23 17:23:14,027 - werkzeug - INFO - 127.0.0.1 - - [23/Jun/2025 17:23:14] "PUT /api/devoluciones/8 HTTP/1.1" 200 -
2025-06-23 17:23:14,194 - werkzeug - INFO - 127.0.0.1 - - [23/Jun/2025 17:23:14] "GET /api/devoluciones/8 HTTP/1.1" 200 -
2025-06-23 17:23:17,547 - werkzeug - INFO - 127.0.0.1 - - [23/Jun/2025 17:23:17] "GET /api/devoluciones HTTP/1.1" 200 -
2025-06-23 17:23:31,694 - werkzeug - INFO - 127.0.0.1 - - [23/Jun/2025 17:23:31] "GET /api/devoluciones/8 HTTP/1.1" 200 -
2025-06-23 17:27:53,023 - werkzeug - INFO - 127.0.0.1 - - [23/Jun/2025 17:27:53] "GET /api/devoluciones HTTP/1.1" 200 -
2025-06-23 17:27:55,880 - werkzeug - INFO - 127.0.0.1 - - [23/Jun/2025 17:27:55] "GET /api/devoluciones/1 HTTP/1.1" 200 -
2025-06-23 17:28:08,052 - werkzeug - INFO - 127.0.0.1 - - [23/Jun/2025 17:28:08] "OPTIONS /api/devoluciones/1 HTTP/1.1" 200 -
2025-06-23 17:28:08,386 - werkzeug - INFO - 127.0.0.1 - - [23/Jun/2025 17:28:08] "PUT /api/devoluciones/1 HTTP/1.1" 200 -
2025-06-23 17:28:08,416 - werkzeug - INFO - 127.0.0.1 - - [23/Jun/2025 17:28:08] "GET /api/devoluciones/1 HTTP/1.1" 200 -
2025-06-23 17:28:17,951 - werkzeug - INFO - 127.0.0.1 - - [23/Jun/2025 17:28:17] "GET /api/devoluciones HTTP/1.1" 200 -
2025-06-23 17:28:25,487 - werkzeug - INFO - 127.0.0.1 - - [23/Jun/2025 17:28:25] "GET /api/devoluciones/8 HTTP/1.1" 200 -
2025-06-23 17:43:05,204 - werkzeug - INFO - 127.0.0.1 - - [23/Jun/2025 17:43:05] "GET /api/devoluciones HTTP/1.1" 200 -
2025-06-23 17:47:54,392 - werkzeug - INFO - 127.0.0.1 - - [23/Jun/2025 17:47:54] "GET /api/devoluciones HTTP/1.1" 200 -
2025-06-23 17:51:32,654 - werkzeug - INFO - 127.0.0.1 - - [23/Jun/2025 17:51:32] "GET /api/devoluciones HTTP/1.1" 200 -
2025-06-23 17:52:30,630 - werkzeug - INFO - 127.0.0.1 - - [23/Jun/2025 17:52:30] "GET /api/devoluciones HTTP/1.1" 200 -
2025-06-23 17:52:32,313 - werkzeug - INFO - 127.0.0.1 - - [23/Jun/2025 17:52:32] "GET /api/devoluciones/8 HTTP/1.1" 200 -
2025-06-23 17:52:35,701 - werkzeug - INFO - 127.0.0.1 - - [23/Jun/2025 17:52:35] "GET /api/devoluciones/8 HTTP/1.1" 200 -
2025-06-23 17:54:17,082 - werkzeug - INFO - 127.0.0.1 - - [23/Jun/2025 17:54:17] "GET /api/devoluciones HTTP/1.1" 200 -
2025-06-23 17:54:19,243 - werkzeug - INFO - 127.0.0.1 - - [23/Jun/2025 17:54:19] "GET /api/devoluciones/8 HTTP/1.1" 200 -
2025-06-23 17:54:36,883 - werkzeug - INFO - 127.0.0.1 - - [23/Jun/2025 17:54:36] "GET /api/devoluciones/7 HTTP/1.1" 200 -
2025-06-24 08:48:26,618 - werkzeug - INFO - 127.0.0.1 - - [24/Jun/2025 08:48:26] "GET /api/devoluciones/5 HTTP/1.1" 200 -
2025-06-24 10:45:32,341 - werkzeug - INFO -  * Detected change in 'D:\\SitioWeb\\sistema-devoluciones\\backend\\app.py', reloading
2025-06-24 10:45:32,598 - werkzeug - INFO -  * Restarting with stat
2025-06-24 10:45:38,574 - werkzeug - WARNING -  * Debugger is active!
2025-06-24 10:45:38,578 - werkzeug - INFO -  * Debugger PIN: 135-065-037
2025-06-24 11:02:22,322 - werkzeug - INFO - 127.0.0.1 - - [24/Jun/2025 11:02:22] "GET /api/devoluciones HTTP/1.1" 200 -
2025-06-24 11:02:25,140 - werkzeug - INFO - 127.0.0.1 - - [24/Jun/2025 11:02:25] "GET /api/devoluciones/8 HTTP/1.1" 200 -
2025-06-24 11:02:32,844 - werkzeug - INFO - 127.0.0.1 - - [24/Jun/2025 11:02:32] "GET /api/devoluciones/8 HTTP/1.1" 200 -
2025-06-24 11:02:50,169 - werkzeug - INFO - 127.0.0.1 - - [24/Jun/2025 11:02:50] "GET /api/devoluciones HTTP/1.1" 200 -
2025-06-24 11:02:55,728 - werkzeug - INFO - 127.0.0.1 - - [24/Jun/2025 11:02:55] "GET /api/devoluciones/8 HTTP/1.1" 200 -
2025-06-24 11:07:19,963 - werkzeug - INFO - 127.0.0.1 - - [24/Jun/2025 11:07:19] "GET /api/devoluciones HTTP/1.1" 200 -
2025-06-24 11:07:25,940 - werkzeug - INFO - 127.0.0.1 - - [24/Jun/2025 11:07:25] "GET /api/devoluciones/8 HTTP/1.1" 200 -
2025-06-24 11:07:43,277 - werkzeug - INFO - 127.0.0.1 - - [24/Jun/2025 11:07:43] "GET /api/devoluciones/8 HTTP/1.1" 200 -
2025-06-24 11:12:30,769 - werkzeug - INFO - 127.0.0.1 - - [24/Jun/2025 11:12:30] "GET /api/devoluciones HTTP/1.1" 200 -
2025-06-24 11:12:36,547 - werkzeug - INFO - 127.0.0.1 - - [24/Jun/2025 11:12:36] "GET /api/devoluciones/8 HTTP/1.1" 200 -
2025-06-24 11:12:59,163 - werkzeug - INFO - 127.0.0.1 - - [24/Jun/2025 11:12:59] "GET /api/devoluciones/8 HTTP/1.1" 200 -
2025-06-24 11:13:03,993 - werkzeug - INFO - 127.0.0.1 - - [24/Jun/2025 11:13:03] "GET /api/devoluciones HTTP/1.1" 200 -
2025-06-24 11:13:09,775 - werkzeug - INFO - 127.0.0.1 - - [24/Jun/2025 11:13:09] "GET /api/devoluciones/8 HTTP/1.1" 200 -
2025-06-24 11:13:20,458 - werkzeug - INFO - 127.0.0.1 - - [24/Jun/2025 11:13:20] "GET /api/devoluciones HTTP/1.1" 200 -
2025-06-24 11:13:24,818 - werkzeug - INFO - 127.0.0.1 - - [24/Jun/2025 11:13:24] "GET /api/devoluciones/5 HTTP/1.1" 200 -
2025-06-24 11:13:27,278 - werkzeug - INFO - 127.0.0.1 - - [24/Jun/2025 11:13:27] "GET /api/devoluciones/5 HTTP/1.1" 200 -
2025-06-24 11:13:28,462 - werkzeug - INFO - 127.0.0.1 - - [24/Jun/2025 11:13:28] "GET /api/devoluciones/2 HTTP/1.1" 200 -
2025-06-24 11:13:32,570 - werkzeug - INFO - 127.0.0.1 - - [24/Jun/2025 11:13:32] "GET /api/devoluciones HTTP/1.1" 200 -
2025-06-24 11:23:03,781 - werkzeug - INFO - 127.0.0.1 - - [24/Jun/2025 11:23:03] "GET /api/devoluciones HTTP/1.1" 200 -
2025-06-24 11:23:05,668 - werkzeug - INFO - 127.0.0.1 - - [24/Jun/2025 11:23:05] "GET /api/devoluciones/8 HTTP/1.1" 200 -
2025-06-24 11:23:36,831 - werkzeug - INFO - 127.0.0.1 - - [24/Jun/2025 11:23:36] "GET /api/devoluciones HTTP/1.1" 200 -
2025-06-24 11:23:50,493 - werkzeug - INFO - 127.0.0.1 - - [24/Jun/2025 11:23:50] "GET /api/devoluciones/8 HTTP/1.1" 200 -
2025-06-24 11:23:55,991 - werkzeug - INFO - 127.0.0.1 - - [24/Jun/2025 11:23:55] "OPTIONS /api/devoluciones/8 HTTP/1.1" 200 -
2025-06-24 11:23:56,356 - werkzeug - INFO - 127.0.0.1 - - [24/Jun/2025 11:23:56] "PUT /api/devoluciones/8 HTTP/1.1" 200 -
2025-06-24 11:23:56,382 - werkzeug - INFO - 127.0.0.1 - - [24/Jun/2025 11:23:56] "GET /api/devoluciones/8 HTTP/1.1" 200 -
2025-06-24 11:24:27,824 - werkzeug - INFO - 127.0.0.1 - - [24/Jun/2025 11:24:27] "GET /api/devoluciones/4 HTTP/1.1" 200 -
2025-06-24 11:28:46,767 - werkzeug - INFO - 127.0.0.1 - - [24/Jun/2025 11:28:46] "GET /api/devoluciones HTTP/1.1" 200 -
2025-06-24 11:28:50,205 - werkzeug - INFO - 127.0.0.1 - - [24/Jun/2025 11:28:50] "GET /api/devoluciones/8 HTTP/1.1" 200 -
2025-06-24 11:29:01,900 - werkzeug - INFO - 127.0.0.1 - - [24/Jun/2025 11:29:01] "GET /api/devoluciones/4 HTTP/1.1" 200 -
2025-06-24 11:31:04,100 - werkzeug - INFO - 127.0.0.1 - - [24/Jun/2025 11:31:04] "GET /api/devoluciones HTTP/1.1" 200 -
2025-06-24 11:31:10,940 - werkzeug - INFO - 127.0.0.1 - - [24/Jun/2025 11:31:10] "OPTIONS /api/devoluciones HTTP/1.1" 200 -
2025-06-24 11:31:11,366 - werkzeug - INFO - 127.0.0.1 - - [24/Jun/2025 11:31:11] "[35m[1mPOST /api/devoluciones HTTP/1.1[0m" 201 -
2025-06-24 11:31:11,517 - werkzeug - INFO - 127.0.0.1 - - [24/Jun/2025 11:31:11] "GET /api/devoluciones HTTP/1.1" 200 -
2025-06-24 11:31:21,086 - werkzeug - INFO - 127.0.0.1 - - [24/Jun/2025 11:31:21] "GET /api/devoluciones HTTP/1.1" 200 -
2025-06-24 11:31:28,357 - werkzeug - INFO - 127.0.0.1 - - [24/Jun/2025 11:31:28] "OPTIONS /api/devoluciones HTTP/1.1" 200 -
2025-06-24 11:31:28,704 - werkzeug - INFO - 127.0.0.1 - - [24/Jun/2025 11:31:28] "[35m[1mPOST /api/devoluciones HTTP/1.1[0m" 201 -
2025-06-24 11:31:28,736 - werkzeug - INFO - 127.0.0.1 - - [24/Jun/2025 11:31:28] "GET /api/devoluciones HTTP/1.1" 200 -
2025-06-24 11:37:41,393 - werkzeug - INFO - 127.0.0.1 - - [24/Jun/2025 11:37:41] "OPTIONS /api/devoluciones HTTP/1.1" 200 -
2025-06-24 11:37:43,423 - werkzeug - INFO - 127.0.0.1 - - [24/Jun/2025 11:37:43] "[35m[1mPOST /api/devoluciones HTTP/1.1[0m" 201 -
2025-06-24 11:37:43,445 - werkzeug - INFO - 127.0.0.1 - - [24/Jun/2025 11:37:43] "GET /api/devoluciones HTTP/1.1" 200 -
2025-06-24 16:48:08,257 - werkzeug - INFO -  * Detected change in 'D:\\SitioWeb\\sistema-devoluciones\\backend\\app.py', reloading
2025-06-24 16:48:08,517 - werkzeug - INFO -  * Restarting with stat
2025-06-24 16:48:13,042 - werkzeug - WARNING -  * Debugger is active!
2025-06-24 16:48:13,048 - werkzeug - INFO -  * Debugger PIN: 135-065-037
2025-06-26 06:47:01,930 - werkzeug - INFO - 127.0.0.1 - - [26/Jun/2025 06:47:01] "GET /api/devoluciones HTTP/1.1" 200 -
2025-06-26 06:47:14,396 - werkzeug - INFO - 127.0.0.1 - - [26/Jun/2025 06:47:14] "OPTIONS /api/devoluciones HTTP/1.1" 200 -
2025-06-26 06:47:14,937 - werkzeug - INFO - 127.0.0.1 - - [26/Jun/2025 06:47:14] "[35m[1mPOST /api/devoluciones HTTP/1.1[0m" 201 -
2025-06-26 06:47:14,991 - werkzeug - INFO - 127.0.0.1 - - [26/Jun/2025 06:47:14] "GET /api/devoluciones HTTP/1.1" 200 -
2025-06-26 06:48:11,627 - werkzeug - INFO - 127.0.0.1 - - [26/Jun/2025 06:48:11] "GET /api/devoluciones HTTP/1.1" 200 -
2025-06-26 06:48:22,410 - werkzeug - INFO - 127.0.0.1 - - [26/Jun/2025 06:48:22] "OPTIONS /api/devoluciones HTTP/1.1" 200 -
2025-06-26 06:48:22,828 - werkzeug - INFO - 127.0.0.1 - - [26/Jun/2025 06:48:22] "[35m[1mPOST /api/devoluciones HTTP/1.1[0m" 201 -
2025-06-26 06:48:22,989 - werkzeug - INFO - 127.0.0.1 - - [26/Jun/2025 06:48:22] "GET /api/devoluciones HTTP/1.1" 200 -
2025-06-26 06:50:15,027 - werkzeug - INFO -  * Detected change in 'D:\\SitioWeb\\sistema-devoluciones\\backend\\app.py', reloading
2025-06-26 06:50:15,293 - werkzeug - INFO -  * Restarting with stat
2025-06-26 06:50:18,906 - werkzeug - WARNING -  * Debugger is active!
2025-06-26 06:50:18,920 - werkzeug - INFO -  * Debugger PIN: 135-065-037
2025-06-26 09:17:58,101 - werkzeug - INFO - 127.0.0.1 - - [26/Jun/2025 09:17:58] "GET /api/devoluciones HTTP/1.1" 200 -
2025-06-26 09:24:38,753 - werkzeug - INFO -  * Detected change in 'D:\\SitioWeb\\sistema-devoluciones\\backend\\app.py', reloading
2025-06-26 09:24:38,837 - werkzeug - INFO -  * Restarting with stat
2025-06-26 09:24:39,932 - werkzeug - WARNING -  * Debugger is active!
2025-06-26 09:24:39,937 - werkzeug - INFO -  * Debugger PIN: 135-065-037
2025-06-26 09:24:52,578 - werkzeug - INFO -  * Detected change in 'D:\\SitioWeb\\sistema-devoluciones\\backend\\app.py', reloading
2025-06-26 09:24:52,665 - werkzeug - INFO -  * Restarting with stat
2025-06-26 09:24:53,499 - werkzeug - WARNING -  * Debugger is active!
2025-06-26 09:24:53,502 - werkzeug - INFO -  * Debugger PIN: 135-065-037
2025-06-26 09:26:09,425 - werkzeug - INFO - 127.0.0.1 - - [26/Jun/2025 09:26:09] "GET /api/devoluciones HTTP/1.1" 200 -
2025-06-26 09:26:16,513 - werkzeug - INFO - 127.0.0.1 - - [26/Jun/2025 09:26:16] "[35m[1mGET /api/devoluciones/12 HTTP/1.1[0m" 500 -
2025-06-26 09:27:06,450 - werkzeug - INFO - 127.0.0.1 - - [26/Jun/2025 09:27:06] "GET /api/devoluciones HTTP/1.1" 200 -
2025-06-26 09:27:09,361 - werkzeug - INFO - 127.0.0.1 - - [26/Jun/2025 09:27:09] "[35m[1mGET /api/devoluciones/12 HTTP/1.1[0m" 500 -
2025-06-26 09:29:43,187 - werkzeug - INFO - [31m[1mWARNING: This is a development server. Do not use it in a production deployment. Use a production WSGI server instead.[0m
 * Running on http://127.0.0.1:5000
2025-06-26 09:29:43,187 - werkzeug - INFO - [33mPress CTRL+C to quit[0m
2025-06-26 09:29:43,190 - werkzeug - INFO -  * Restarting with stat
2025-06-26 09:29:43,819 - werkzeug - WARNING -  * Debugger is active!
2025-06-26 09:29:43,823 - werkzeug - INFO -  * Debugger PIN: 135-065-037
2025-06-27 11:35:47,610 - werkzeug - INFO - [31m[1mWARNING: This is a development server. Do not use it in a production deployment. Use a production WSGI server instead.[0m
 * Running on http://127.0.0.1:5000
2025-06-27 11:35:47,611 - werkzeug - INFO - [33mPress CTRL+C to quit[0m
2025-06-27 11:35:47,626 - werkzeug - INFO -  * Restarting with stat
2025-06-27 11:35:48,281 - werkzeug - WARNING -  * Debugger is active!
2025-06-27 11:35:48,288 - werkzeug - INFO -  * Debugger PIN: 135-065-037
2025-06-27 11:36:52,301 - werkzeug - INFO - [31m[1mWARNING: This is a development server. Do not use it in a production deployment. Use a production WSGI server instead.[0m
 * Running on http://127.0.0.1:5000
2025-06-27 11:36:52,301 - werkzeug - INFO - [33mPress CTRL+C to quit[0m
2025-06-27 11:36:52,304 - werkzeug - INFO -  * Restarting with stat
2025-06-27 11:36:52,771 - werkzeug - WARNING -  * Debugger is active!
2025-06-27 11:36:52,776 - werkzeug - INFO -  * Debugger PIN: 135-065-037
2025-06-27 11:37:12,460 - werkzeug - INFO - 127.0.0.1 - - [27/Jun/2025 11:37:12] "GET /api/devoluciones HTTP/1.1" 200 -
2025-06-27 11:37:26,143 - werkzeug - INFO - 127.0.0.1 - - [27/Jun/2025 11:37:26] "OPTIONS /api/devoluciones HTTP/1.1" 200 -
2025-06-27 11:37:26,810 - werkzeug - INFO - 127.0.0.1 - - [27/Jun/2025 11:37:26] "[35m[1mPOST /api/devoluciones HTTP/1.1[0m" 201 -
2025-06-27 11:37:26,876 - werkzeug - INFO - 127.0.0.1 - - [27/Jun/2025 11:37:26] "GET /api/devoluciones HTTP/1.1" 200 -
2025-06-27 11:38:23,855 - werkzeug - INFO - 127.0.0.1 - - [27/Jun/2025 11:38:23] "[35m[1mGET /api/devoluciones/14 HTTP/1.1[0m" 500 -
2025-06-27 11:40:20,131 - werkzeug - INFO -  * Detected change in 'D:\\SitioWeb\\sistema-devoluciones\\backend\\app.py', reloading
2025-06-27 11:40:20,294 - werkzeug - INFO -  * Restarting with stat
2025-06-27 11:40:21,510 - werkzeug - WARNING -  * Debugger is active!
2025-06-27 11:40:21,514 - werkzeug - INFO -  * Debugger PIN: 135-065-037
2025-06-27 11:42:43,242 - werkzeug - INFO - 127.0.0.1 - - [27/Jun/2025 11:42:43] "GET /api/devoluciones HTTP/1.1" 200 -
2025-06-27 11:42:45,944 - werkzeug - INFO - 127.0.0.1 - - [27/Jun/2025 11:42:45] "[35m[1mGET /api/devoluciones/14 HTTP/1.1[0m" 500 -
2025-06-27 11:49:54,247 - werkzeug - INFO -  * Detected change in 'D:\\SitioWeb\\sistema-devoluciones\\backend\\verificar_bd.py', reloading
2025-06-27 11:49:54,318 - werkzeug - INFO -  * Restarting with stat
2025-06-27 11:49:55,411 - werkzeug - WARNING -  * Debugger is active!
2025-06-27 11:49:55,416 - werkzeug - INFO -  * Debugger PIN: 135-065-037
2025-06-27 12:35:35,150 - werkzeug - INFO - 127.0.0.1 - - [27/Jun/2025 12:35:35] "[33mGET /api/verificar-bd HTTP/1.1[0m" 404 -
2025-06-27 12:35:35,703 - werkzeug - INFO - 127.0.0.1 - - [27/Jun/2025 12:35:35] "[33mGET /favicon.ico HTTP/1.1[0m" 404 -
2025-06-27 12:35:35,736 - werkzeug - INFO - 127.0.0.1 - - [27/Jun/2025 12:35:35] "[33mGET /api/verificar-bd HTTP/1.1[0m" 404 -
2025-06-27 12:38:01,383 - werkzeug - INFO -  * Detected change in 'D:\\SitioWeb\\sistema-devoluciones\\backend\\app.py', reloading
2025-06-27 12:38:01,527 - werkzeug - INFO -  * Restarting with stat
2025-06-27 12:38:02,601 - werkzeug - WARNING -  * Debugger is active!
2025-06-27 12:38:02,609 - werkzeug - INFO -  * Debugger PIN: 135-065-037
2025-06-27 12:38:10,855 - werkzeug - INFO - 127.0.0.1 - - [27/Jun/2025 12:38:10] "GET /api/devoluciones HTTP/1.1" 200 -
2025-06-27 12:38:12,623 - werkzeug - INFO - 127.0.0.1 - - [27/Jun/2025 12:38:12] "[35m[1mGET /api/devoluciones/14 HTTP/1.1[0m" 500 -
2025-06-27 12:38:35,537 - werkzeug - INFO - [31m[1mWARNING: This is a development server. Do not use it in a production deployment. Use a production WSGI server instead.[0m
 * Running on http://127.0.0.1:5000
2025-06-27 12:38:35,538 - werkzeug - INFO - [33mPress CTRL+C to quit[0m
2025-06-27 12:38:35,540 - werkzeug - INFO -  * Restarting with stat
2025-06-27 12:38:36,094 - werkzeug - WARNING -  * Debugger is active!
2025-06-27 12:38:36,098 - werkzeug - INFO -  * Debugger PIN: 135-065-037
2025-06-27 12:38:38,553 - werkzeug - INFO - 127.0.0.1 - - [27/Jun/2025 12:38:38] "GET /api/devoluciones HTTP/1.1" 200 -
2025-06-27 12:38:43,938 - werkzeug - INFO - 127.0.0.1 - - [27/Jun/2025 12:38:43] "[35m[1mGET /api/devoluciones/14 HTTP/1.1[0m" 500 -
2025-06-27 12:44:35,158 - werkzeug - INFO -  * Detected change in 'D:\\SitioWeb\\sistema-devoluciones\\backend\\app.py', reloading
2025-06-27 12:44:35,251 - werkzeug - INFO -  * Restarting with stat
2025-06-27 12:44:35,965 - werkzeug - WARNING -  * Debugger is active!
2025-06-27 12:44:35,973 - werkzeug - INFO -  * Debugger PIN: 135-065-037
2025-06-27 12:45:59,073 - werkzeug - INFO - [31m[1mWARNING: This is a development server. Do not use it in a production deployment. Use a production WSGI server instead.[0m
 * Running on http://127.0.0.1:5000
2025-06-27 12:45:59,073 - werkzeug - INFO - [33mPress CTRL+C to quit[0m
2025-06-27 12:45:59,077 - werkzeug - INFO -  * Restarting with stat
2025-06-27 12:45:59,638 - werkzeug - WARNING -  * Debugger is active!
2025-06-27 12:45:59,642 - werkzeug - INFO -  * Debugger PIN: 135-065-037
2025-06-27 12:46:08,333 - werkzeug - INFO - 127.0.0.1 - - [27/Jun/2025 12:46:08] "GET /api/devoluciones HTTP/1.1" 200 -
2025-06-27 12:46:32,845 - werkzeug - INFO - 127.0.0.1 - - [27/Jun/2025 12:46:32] "[35m[1mGET /api/devoluciones/14 HTTP/1.1[0m" 500 -
2025-06-27 12:51:31,611 - werkzeug - INFO -  * Detected change in 'D:\\SitioWeb\\sistema-devoluciones\\backend\\app.py', reloading
2025-06-27 12:51:31,669 - werkzeug - INFO -  * Restarting with stat
2025-06-27 12:51:32,184 - werkzeug - WARNING -  * Debugger is active!
2025-06-27 12:51:32,189 - werkzeug - INFO -  * Debugger PIN: 135-065-037
2025-06-27 12:54:50,659 - werkzeug - INFO -  * Detected change in 'D:\\SitioWeb\\sistema-devoluciones\\backend\\app.py', reloading
2025-06-27 12:54:50,717 - werkzeug - INFO -  * Restarting with stat
2025-06-27 12:54:51,438 - werkzeug - WARNING -  * Debugger is active!
2025-06-27 12:54:51,444 - werkzeug - INFO -  * Debugger PIN: 135-065-037
2025-06-27 12:55:00,410 - werkzeug - INFO - [31m[1mWARNING: This is a development server. Do not use it in a production deployment. Use a production WSGI server instead.[0m
 * Running on http://127.0.0.1:5000
2025-06-27 12:55:00,411 - werkzeug - INFO - [33mPress CTRL+C to quit[0m
2025-06-27 12:55:00,414 - werkzeug - INFO -  * Restarting with stat
2025-06-27 12:55:01,125 - werkzeug - WARNING -  * Debugger is active!
2025-06-27 12:55:01,130 - werkzeug - INFO -  * Debugger PIN: 135-065-037
2025-06-27 12:55:04,072 - werkzeug - INFO - 127.0.0.1 - - [27/Jun/2025 12:55:04] "GET /api/devoluciones HTTP/1.1" 200 -
2025-06-27 12:55:06,865 - werkzeug - INFO - 127.0.0.1 - - [27/Jun/2025 12:55:06] "[35m[1mGET /api/devoluciones/14 HTTP/1.1[0m" 500 -
2025-06-27 12:55:27,763 - werkzeug - INFO - 127.0.0.1 - - [27/Jun/2025 12:55:27] "GET /api/devoluciones HTTP/1.1" 200 -
2025-06-27 12:55:32,194 - werkzeug - INFO - 127.0.0.1 - - [27/Jun/2025 12:55:32] "[35m[1mGET /api/devoluciones/14 HTTP/1.1[0m" 500 -
2025-06-27 12:56:33,752 - werkzeug - INFO - 127.0.0.1 - - [27/Jun/2025 12:56:33] "[35m[1mGET /api/devoluciones/14 HTTP/1.1[0m" 500 -
2025-06-27 12:58:07,185 - werkzeug - INFO -  * Detected change in 'D:\\SitioWeb\\sistema-devoluciones\\backend\\app.py', reloading
2025-06-27 12:58:07,290 - werkzeug - INFO -  * Restarting with stat
2025-06-27 12:58:07,998 - werkzeug - WARNING -  * Debugger is active!
2025-06-27 12:58:08,005 - werkzeug - INFO -  * Debugger PIN: 135-065-037
2025-06-27 12:58:24,178 - werkzeug - INFO - [31m[1mWARNING: This is a development server. Do not use it in a production deployment. Use a production WSGI server instead.[0m
 * Running on http://127.0.0.1:5000
2025-06-27 12:58:24,178 - werkzeug - INFO - [33mPress CTRL+C to quit[0m
2025-06-27 12:58:24,180 - werkzeug - INFO -  * Restarting with stat
2025-06-27 12:58:24,761 - werkzeug - WARNING -  * Debugger is active!
2025-06-27 12:58:24,766 - werkzeug - INFO -  * Debugger PIN: 135-065-037
2025-06-27 12:58:27,740 - werkzeug - INFO - 127.0.0.1 - - [27/Jun/2025 12:58:27] "GET /api/devoluciones HTTP/1.1" 200 -
2025-06-27 12:58:29,234 - root - ERROR - Error en /api/devoluciones/<id>
Traceback (most recent call last):
  File "C:\Users\heisd\AppData\Local\Programs\Python\Python313\Lib\zoneinfo\_common.py", line 12, in load_tzdata
    return resources.files(package_name).joinpath(resource_name).open("rb")
           ~~~~~~~~~~~~~~~^^^^^^^^^^^^^^
  File "C:\Users\heisd\AppData\Local\Programs\Python\Python313\Lib\importlib\resources\_common.py", line 46, in wrapper
    return func(anchor)
  File "C:\Users\heisd\AppData\Local\Programs\Python\Python313\Lib\importlib\resources\_common.py", line 56, in files
    return from_package(resolve(anchor))
                        ~~~~~~~^^^^^^^^
  File "C:\Users\heisd\AppData\Local\Programs\Python\Python313\Lib\functools.py", line 934, in wrapper
    return dispatch(args[0].__class__)(*args, **kw)
           ~~~~~~~~~~~~~~~~~~~~~~~~~~~^^^^^^^^^^^^^
  File "C:\Users\heisd\AppData\Local\Programs\Python\Python313\Lib\importlib\resources\_common.py", line 82, in _
    return importlib.import_module(cand)
           ~~~~~~~~~~~~~~~~~~~~~~~^^^^^^
  File "C:\Users\heisd\AppData\Local\Programs\Python\Python313\Lib\importlib\__init__.py", line 88, in import_module
    return _bootstrap._gcd_import(name[level:], package, level)
           ~~~~~~~~~~~~~~~~~~~~~~^^^^^^^^^^^^^^^^^^^^^^^^^^^^^^
  File "<frozen importlib._bootstrap>", line 1387, in _gcd_import
  File "<frozen importlib._bootstrap>", line 1360, in _find_and_load
  File "<frozen importlib._bootstrap>", line 1310, in _find_and_load_unlocked
  File "<frozen importlib._bootstrap>", line 488, in _call_with_frames_removed
  File "<frozen importlib._bootstrap>", line 1387, in _gcd_import
  File "<frozen importlib._bootstrap>", line 1360, in _find_and_load
  File "<frozen importlib._bootstrap>", line 1310, in _find_and_load_unlocked
  File "<frozen importlib._bootstrap>", line 488, in _call_with_frames_removed
  File "<frozen importlib._bootstrap>", line 1387, in _gcd_import
  File "<frozen importlib._bootstrap>", line 1360, in _find_and_load
  File "<frozen importlib._bootstrap>", line 1324, in _find_and_load_unlocked
ModuleNotFoundError: No module named 'tzdata'

During handling of the above exception, another exception occurred:

Traceback (most recent call last):
  File "D:\SitioWeb\sistema-devoluciones\backend\app.py", line 237, in obtener_devolucion
    hoy = datetime.now(ZoneInfo("America/Mexico_City")).date()
                       ~~~~~~~~^^^^^^^^^^^^^^^^^^^^^^^
  File "C:\Users\heisd\AppData\Local\Programs\Python\Python313\Lib\zoneinfo\_common.py", line 24, in load_tzdata
    raise ZoneInfoNotFoundError(f"No time zone found with key {key}")
zoneinfo._common.ZoneInfoNotFoundError: 'No time zone found with key America/Mexico_City'
2025-06-27 12:58:29,278 - werkzeug - INFO - 127.0.0.1 - - [27/Jun/2025 12:58:29] "[35m[1mGET /api/devoluciones/14 HTTP/1.1[0m" 500 -
2025-06-27 13:07:02,189 - werkzeug - INFO -  * Detected change in 'D:\\SitioWeb\\sistema-devoluciones\\backend\\app.py', reloading
2025-06-27 13:07:02,342 - werkzeug - INFO -  * Restarting with stat
2025-06-27 13:07:04,003 - werkzeug - WARNING -  * Debugger is active!
2025-06-27 13:07:04,012 - werkzeug - INFO -  * Debugger PIN: 135-065-037
2025-06-27 13:07:06,347 - werkzeug - INFO - 127.0.0.1 - - [27/Jun/2025 13:07:06] "GET /api/devoluciones HTTP/1.1" 200 -
2025-06-27 13:07:08,999 - root - ERROR - Error en /api/devoluciones/<id>
Traceback (most recent call last):
  File "C:\Users\heisd\AppData\Local\Programs\Python\Python313\Lib\zoneinfo\_common.py", line 12, in load_tzdata
    return resources.files(package_name).joinpath(resource_name).open("rb")
           ~~~~~~~~~~~~~~~^^^^^^^^^^^^^^
  File "C:\Users\heisd\AppData\Local\Programs\Python\Python313\Lib\importlib\resources\_common.py", line 46, in wrapper
    return func(anchor)
  File "C:\Users\heisd\AppData\Local\Programs\Python\Python313\Lib\importlib\resources\_common.py", line 56, in files
    return from_package(resolve(anchor))
                        ~~~~~~~^^^^^^^^
  File "C:\Users\heisd\AppData\Local\Programs\Python\Python313\Lib\functools.py", line 934, in wrapper
    return dispatch(args[0].__class__)(*args, **kw)
           ~~~~~~~~~~~~~~~~~~~~~~~~~~~^^^^^^^^^^^^^
  File "C:\Users\heisd\AppData\Local\Programs\Python\Python313\Lib\importlib\resources\_common.py", line 82, in _
    return importlib.import_module(cand)
           ~~~~~~~~~~~~~~~~~~~~~~~^^^^^^
  File "C:\Users\heisd\AppData\Local\Programs\Python\Python313\Lib\importlib\__init__.py", line 88, in import_module
    return _bootstrap._gcd_import(name[level:], package, level)
           ~~~~~~~~~~~~~~~~~~~~~~^^^^^^^^^^^^^^^^^^^^^^^^^^^^^^
  File "<frozen importlib._bootstrap>", line 1387, in _gcd_import
  File "<frozen importlib._bootstrap>", line 1360, in _find_and_load
  File "<frozen importlib._bootstrap>", line 1310, in _find_and_load_unlocked
  File "<frozen importlib._bootstrap>", line 488, in _call_with_frames_removed
  File "<frozen importlib._bootstrap>", line 1387, in _gcd_import
  File "<frozen importlib._bootstrap>", line 1360, in _find_and_load
  File "<frozen importlib._bootstrap>", line 1324, in _find_and_load_unlocked
ModuleNotFoundError: No module named 'tzdata'

During handling of the above exception, another exception occurred:

Traceback (most recent call last):
  File "D:\SitioWeb\sistema-devoluciones\backend\app.py", line 238, in obtener_devolucion
    hoy = datetime.now(ZoneInfo("UTC"))  # si prefieres UTC
                       ~~~~~~~~^^^^^^^
  File "C:\Users\heisd\AppData\Local\Programs\Python\Python313\Lib\zoneinfo\_common.py", line 24, in load_tzdata
    raise ZoneInfoNotFoundError(f"No time zone found with key {key}")
zoneinfo._common.ZoneInfoNotFoundError: 'No time zone found with key UTC'
2025-06-27 13:07:09,005 - werkzeug - INFO - 127.0.0.1 - - [27/Jun/2025 13:07:09] "[35m[1mGET /api/devoluciones/14 HTTP/1.1[0m" 500 -
2025-06-27 13:07:22,433 - werkzeug - INFO - [31m[1mWARNING: This is a development server. Do not use it in a production deployment. Use a production WSGI server instead.[0m
 * Running on http://127.0.0.1:5000
2025-06-27 13:07:22,434 - werkzeug - INFO - [33mPress CTRL+C to quit[0m
2025-06-27 13:07:22,436 - werkzeug - INFO -  * Restarting with stat
2025-06-27 13:07:23,067 - werkzeug - WARNING -  * Debugger is active!
2025-06-27 13:07:23,074 - werkzeug - INFO -  * Debugger PIN: 135-065-037
2025-06-27 13:07:25,347 - werkzeug - INFO - 127.0.0.1 - - [27/Jun/2025 13:07:25] "GET /api/devoluciones HTTP/1.1" 200 -
2025-06-27 13:07:59,614 - root - ERROR - Error en /api/devoluciones/<id>
Traceback (most recent call last):
  File "C:\Users\heisd\AppData\Local\Programs\Python\Python313\Lib\zoneinfo\_common.py", line 12, in load_tzdata
    return resources.files(package_name).joinpath(resource_name).open("rb")
           ~~~~~~~~~~~~~~~^^^^^^^^^^^^^^
  File "C:\Users\heisd\AppData\Local\Programs\Python\Python313\Lib\importlib\resources\_common.py", line 46, in wrapper
    return func(anchor)
  File "C:\Users\heisd\AppData\Local\Programs\Python\Python313\Lib\importlib\resources\_common.py", line 56, in files
    return from_package(resolve(anchor))
                        ~~~~~~~^^^^^^^^
  File "C:\Users\heisd\AppData\Local\Programs\Python\Python313\Lib\functools.py", line 934, in wrapper
    return dispatch(args[0].__class__)(*args, **kw)
           ~~~~~~~~~~~~~~~~~~~~~~~~~~~^^^^^^^^^^^^^
  File "C:\Users\heisd\AppData\Local\Programs\Python\Python313\Lib\importlib\resources\_common.py", line 82, in _
    return importlib.import_module(cand)
           ~~~~~~~~~~~~~~~~~~~~~~~^^^^^^
  File "C:\Users\heisd\AppData\Local\Programs\Python\Python313\Lib\importlib\__init__.py", line 88, in import_module
    return _bootstrap._gcd_import(name[level:], package, level)
           ~~~~~~~~~~~~~~~~~~~~~~^^^^^^^^^^^^^^^^^^^^^^^^^^^^^^
  File "<frozen importlib._bootstrap>", line 1387, in _gcd_import
  File "<frozen importlib._bootstrap>", line 1360, in _find_and_load
  File "<frozen importlib._bootstrap>", line 1310, in _find_and_load_unlocked
  File "<frozen importlib._bootstrap>", line 488, in _call_with_frames_removed
  File "<frozen importlib._bootstrap>", line 1387, in _gcd_import
  File "<frozen importlib._bootstrap>", line 1360, in _find_and_load
  File "<frozen importlib._bootstrap>", line 1324, in _find_and_load_unlocked
ModuleNotFoundError: No module named 'tzdata'

During handling of the above exception, another exception occurred:

Traceback (most recent call last):
  File "D:\SitioWeb\sistema-devoluciones\backend\app.py", line 238, in obtener_devolucion
    hoy = datetime.now(ZoneInfo("UTC"))  # si prefieres UTC
                       ~~~~~~~~^^^^^^^
  File "C:\Users\heisd\AppData\Local\Programs\Python\Python313\Lib\zoneinfo\_common.py", line 24, in load_tzdata
    raise ZoneInfoNotFoundError(f"No time zone found with key {key}")
zoneinfo._common.ZoneInfoNotFoundError: 'No time zone found with key UTC'
2025-06-27 13:07:59,628 - werkzeug - INFO - 127.0.0.1 - - [27/Jun/2025 13:07:59] "[35m[1mGET /api/devoluciones/14 HTTP/1.1[0m" 500 -
2025-06-27 13:08:54,193 - werkzeug - INFO -  * Detected change in 'D:\\SitioWeb\\sistema-devoluciones\\backend\\app.py', reloading
2025-06-27 13:08:54,277 - werkzeug - INFO -  * Restarting with stat
2025-06-27 13:08:54,774 - werkzeug - WARNING -  * Debugger is active!
2025-06-27 13:08:54,778 - werkzeug - INFO -  * Debugger PIN: 135-065-037
2025-06-27 13:08:55,685 - werkzeug - INFO - 127.0.0.1 - - [27/Jun/2025 13:08:55] "GET /api/devoluciones HTTP/1.1" 200 -
2025-06-27 13:08:58,111 - root - ERROR - Error en /api/devoluciones/<id>
Traceback (most recent call last):
  File "C:\Users\heisd\AppData\Local\Programs\Python\Python313\Lib\zoneinfo\_common.py", line 12, in load_tzdata
    return resources.files(package_name).joinpath(resource_name).open("rb")
           ~~~~~~~~~~~~~~~^^^^^^^^^^^^^^
  File "C:\Users\heisd\AppData\Local\Programs\Python\Python313\Lib\importlib\resources\_common.py", line 46, in wrapper
    return func(anchor)
  File "C:\Users\heisd\AppData\Local\Programs\Python\Python313\Lib\importlib\resources\_common.py", line 56, in files
    return from_package(resolve(anchor))
                        ~~~~~~~^^^^^^^^
  File "C:\Users\heisd\AppData\Local\Programs\Python\Python313\Lib\functools.py", line 934, in wrapper
    return dispatch(args[0].__class__)(*args, **kw)
           ~~~~~~~~~~~~~~~~~~~~~~~~~~~^^^^^^^^^^^^^
  File "C:\Users\heisd\AppData\Local\Programs\Python\Python313\Lib\importlib\resources\_common.py", line 82, in _
    return importlib.import_module(cand)
           ~~~~~~~~~~~~~~~~~~~~~~~^^^^^^
  File "C:\Users\heisd\AppData\Local\Programs\Python\Python313\Lib\importlib\__init__.py", line 88, in import_module
    return _bootstrap._gcd_import(name[level:], package, level)
           ~~~~~~~~~~~~~~~~~~~~~~^^^^^^^^^^^^^^^^^^^^^^^^^^^^^^
  File "<frozen importlib._bootstrap>", line 1387, in _gcd_import
  File "<frozen importlib._bootstrap>", line 1360, in _find_and_load
  File "<frozen importlib._bootstrap>", line 1310, in _find_and_load_unlocked
  File "<frozen importlib._bootstrap>", line 488, in _call_with_frames_removed
  File "<frozen importlib._bootstrap>", line 1387, in _gcd_import
  File "<frozen importlib._bootstrap>", line 1360, in _find_and_load
  File "<frozen importlib._bootstrap>", line 1324, in _find_and_load_unlocked
ModuleNotFoundError: No module named 'tzdata'

During handling of the above exception, another exception occurred:

Traceback (most recent call last):
  File "D:\SitioWeb\sistema-devoluciones\backend\app.py", line 238, in obtener_devolucion
    hoy = datetime.now(ZoneInfo("UTC")).date  # si prefieres UTC
                       ~~~~~~~~^^^^^^^
  File "C:\Users\heisd\AppData\Local\Programs\Python\Python313\Lib\zoneinfo\_common.py", line 24, in load_tzdata
    raise ZoneInfoNotFoundError(f"No time zone found with key {key}")
zoneinfo._common.ZoneInfoNotFoundError: 'No time zone found with key UTC'
2025-06-27 13:08:58,121 - werkzeug - INFO - 127.0.0.1 - - [27/Jun/2025 13:08:58] "[35m[1mGET /api/devoluciones/14 HTTP/1.1[0m" 500 -
2025-06-27 13:27:58,318 - werkzeug - INFO - [31m[1mWARNING: This is a development server. Do not use it in a production deployment. Use a production WSGI server instead.[0m
 * Running on http://127.0.0.1:5000
2025-06-27 13:27:58,319 - werkzeug - INFO - [33mPress CTRL+C to quit[0m
2025-06-27 13:27:58,322 - werkzeug - INFO -  * Restarting with stat
2025-06-27 13:27:58,835 - werkzeug - WARNING -  * Debugger is active!
2025-06-27 13:27:58,839 - werkzeug - INFO -  * Debugger PIN: 135-065-037
2025-06-27 13:28:02,057 - werkzeug - INFO - 127.0.0.1 - - [27/Jun/2025 13:28:02] "GET /api/devoluciones HTTP/1.1" 200 -
2025-06-27 13:28:04,228 - werkzeug - INFO - 127.0.0.1 - - [27/Jun/2025 13:28:04] "GET /api/devoluciones/14 HTTP/1.1" 200 -
2025-06-27 13:28:07,513 - werkzeug - INFO - 127.0.0.1 - - [27/Jun/2025 13:28:07] "OPTIONS /api/devoluciones/14/requerimientos HTTP/1.1" 200 -
2025-06-27 13:28:08,555 - app - ERROR - Error enviando email: 'ascii' codec can't encode character '\xf1' in position 29: ordinal not in range(128)
2025-06-27 13:28:08,556 - root - INFO - Email enviado para devolución 14
2025-06-27 13:28:08,557 - werkzeug - INFO - 127.0.0.1 - - [27/Jun/2025 13:28:08] "POST /api/devoluciones/14/requerimientos HTTP/1.1" 200 -
2025-06-27 13:28:08,595 - werkzeug - INFO - 127.0.0.1 - - [27/Jun/2025 13:28:08] "GET /api/devoluciones HTTP/1.1" 200 -
2025-06-27 13:28:08,927 - werkzeug - INFO - 127.0.0.1 - - [27/Jun/2025 13:28:08] "GET /api/devoluciones/14 HTTP/1.1" 200 -
2025-06-27 13:35:47,658 - werkzeug - INFO - 127.0.0.1 - - [27/Jun/2025 13:35:47] "GET /api/devoluciones/12 HTTP/1.1" 200 -
2025-06-27 13:35:53,516 - werkzeug - INFO - 127.0.0.1 - - [27/Jun/2025 13:35:53] "OPTIONS /api/devoluciones/12/requerimientos HTTP/1.1" 200 -
2025-06-27 13:35:54,329 - app - ERROR - Error enviando email: 'ascii' codec can't encode character '\xf1' in position 29: ordinal not in range(128)
2025-06-27 13:35:54,330 - root - INFO - Email enviado para devolución 12
2025-06-27 13:35:54,331 - werkzeug - INFO - 127.0.0.1 - - [27/Jun/2025 13:35:54] "POST /api/devoluciones/12/requerimientos HTTP/1.1" 200 -
2025-06-27 13:35:54,358 - werkzeug - INFO - 127.0.0.1 - - [27/Jun/2025 13:35:54] "GET /api/devoluciones HTTP/1.1" 200 -
2025-06-27 13:35:54,696 - werkzeug - INFO - 127.0.0.1 - - [27/Jun/2025 13:35:54] "GET /api/devoluciones/12 HTTP/1.1" 200 -
2025-06-27 19:40:17,781 - werkzeug - INFO - 127.0.0.1 - - [27/Jun/2025 19:40:17] "GET /api/devoluciones HTTP/1.1" 200 -
2025-06-27 19:40:21,781 - werkzeug - INFO - 127.0.0.1 - - [27/Jun/2025 19:40:21] "GET /api/devoluciones/14 HTTP/1.1" 200 -
2025-06-28 09:32:10,013 - werkzeug - INFO - 127.0.0.1 - - [28/Jun/2025 09:32:10] "GET /api/devoluciones HTTP/1.1" 200 -
2025-06-28 09:32:23,063 - werkzeug - INFO - 127.0.0.1 - - [28/Jun/2025 09:32:23] "GET /api/devoluciones/6 HTTP/1.1" 200 -
2025-06-28 09:32:48,547 - werkzeug - INFO - 127.0.0.1 - - [28/Jun/2025 09:32:48] "GET /api/devoluciones/4 HTTP/1.1" 200 -
2025-06-28 09:32:54,664 - werkzeug - INFO - 127.0.0.1 - - [28/Jun/2025 09:32:54] "OPTIONS /api/devoluciones/4/requerimientos HTTP/1.1" 200 -
2025-06-28 09:32:55,689 - app - ERROR - Error enviando email: 'ascii' codec can't encode character '\xf1' in position 29: ordinal not in range(128)
2025-06-28 09:32:55,690 - root - INFO - Email enviado para devolución 4
2025-06-28 09:32:55,691 - werkzeug - INFO - 127.0.0.1 - - [28/Jun/2025 09:32:55] "POST /api/devoluciones/4/requerimientos HTTP/1.1" 200 -
2025-06-28 09:32:55,708 - werkzeug - INFO - 127.0.0.1 - - [28/Jun/2025 09:32:55] "GET /api/devoluciones HTTP/1.1" 200 -
2025-06-28 09:32:56,030 - werkzeug - INFO - 127.0.0.1 - - [28/Jun/2025 09:32:56] "GET /api/devoluciones/4 HTTP/1.1" 200 -
2025-06-28 09:33:00,877 - werkzeug - INFO - 127.0.0.1 - - [28/Jun/2025 09:33:00] "GET /api/devoluciones/1 HTTP/1.1" 200 -
2025-06-28 09:35:56,980 - werkzeug - INFO - 127.0.0.1 - - [28/Jun/2025 09:35:56] "GET /api/devoluciones HTTP/1.1" 200 -
2025-06-28 09:35:59,020 - werkzeug - INFO - 127.0.0.1 - - [28/Jun/2025 09:35:59] "GET /api/devoluciones/14 HTTP/1.1" 200 -
2025-06-28 09:36:32,265 - werkzeug - INFO - 127.0.0.1 - - [28/Jun/2025 09:36:32] "GET /api/devoluciones HTTP/1.1" 200 -
2025-06-28 09:36:33,909 - werkzeug - INFO - 127.0.0.1 - - [28/Jun/2025 09:36:33] "GET /api/devoluciones/14 HTTP/1.1" 200 -
2025-06-28 09:37:05,834 - werkzeug - INFO - 127.0.0.1 - - [28/Jun/2025 09:37:05] "GET /api/devoluciones HTTP/1.1" 200 -
2025-06-28 09:37:07,808 - werkzeug - INFO - 127.0.0.1 - - [28/Jun/2025 09:37:07] "GET /api/devoluciones/14 HTTP/1.1" 200 -
2025-06-28 09:37:28,047 - werkzeug - INFO - 127.0.0.1 - - [28/Jun/2025 09:37:28] "GET /api/devoluciones HTTP/1.1" 200 -
2025-06-28 09:37:29,377 - werkzeug - INFO - 127.0.0.1 - - [28/Jun/2025 09:37:29] "GET /api/devoluciones/14 HTTP/1.1" 200 -
2025-06-28 09:37:42,326 - werkzeug - INFO - 127.0.0.1 - - [28/Jun/2025 09:37:42] "OPTIONS /api/devoluciones/14 HTTP/1.1" 200 -
2025-06-28 09:37:42,675 - werkzeug - INFO - 127.0.0.1 - - [28/Jun/2025 09:37:42] "PUT /api/devoluciones/14 HTTP/1.1" 200 -
2025-06-28 09:37:42,698 - werkzeug - INFO - 127.0.0.1 - - [28/Jun/2025 09:37:42] "GET /api/devoluciones/14 HTTP/1.1" 200 -
2025-06-28 19:46:54,913 - werkzeug - INFO - 127.0.0.1 - - [28/Jun/2025 19:46:54] "GET /api/devoluciones HTTP/1.1" 200 -
2025-06-28 19:47:17,680 - werkzeug - INFO - 127.0.0.1 - - [28/Jun/2025 19:47:17] "OPTIONS /api/devoluciones HTTP/1.1" 200 -
2025-06-28 19:47:18,110 - werkzeug - INFO - 127.0.0.1 - - [28/Jun/2025 19:47:18] "[35m[1mPOST /api/devoluciones HTTP/1.1[0m" 201 -
2025-06-28 19:47:18,256 - werkzeug - INFO - 127.0.0.1 - - [28/Jun/2025 19:47:18] "GET /api/devoluciones HTTP/1.1" 200 -
2025-06-28 19:48:41,466 - werkzeug - INFO - 127.0.0.1 - - [28/Jun/2025 19:48:41] "GET /api/devoluciones/15 HTTP/1.1" 200 -
2025-06-28 19:48:55,408 - werkzeug - INFO - 127.0.0.1 - - [28/Jun/2025 19:48:55] "OPTIONS /api/devoluciones/15/requerimientos HTTP/1.1" 200 -
2025-06-28 19:48:56,389 - app - ERROR - Error enviando email: 'ascii' codec can't encode character '\xf1' in position 29: ordinal not in range(128)
2025-06-28 19:48:56,389 - root - INFO - Email enviado para devolución 15
2025-06-28 19:48:56,390 - werkzeug - INFO - 127.0.0.1 - - [28/Jun/2025 19:48:56] "POST /api/devoluciones/15/requerimientos HTTP/1.1" 200 -
2025-06-28 19:48:56,410 - werkzeug - INFO - 127.0.0.1 - - [28/Jun/2025 19:48:56] "GET /api/devoluciones HTTP/1.1" 200 -
2025-06-28 19:48:56,744 - werkzeug - INFO - 127.0.0.1 - - [28/Jun/2025 19:48:56] "GET /api/devoluciones/15 HTTP/1.1" 200 -
2025-06-28 19:49:11,371 - werkzeug - INFO - 127.0.0.1 - - [28/Jun/2025 19:49:11] "GET /api/devoluciones/15 HTTP/1.1" 200 -
2025-06-28 19:49:14,444 - werkzeug - INFO - 127.0.0.1 - - [28/Jun/2025 19:49:14] "OPTIONS /api/devoluciones/15 HTTP/1.1" 200 -
2025-06-28 19:49:14,823 - werkzeug - INFO - 127.0.0.1 - - [28/Jun/2025 19:49:14] "PUT /api/devoluciones/15 HTTP/1.1" 200 -
2025-06-28 19:49:14,846 - werkzeug - INFO - 127.0.0.1 - - [28/Jun/2025 19:49:14] "GET /api/devoluciones/15 HTTP/1.1" 200 -
2025-06-28 19:49:49,810 - werkzeug - INFO - 127.0.0.1 - - [28/Jun/2025 19:49:49] "GET /api/devoluciones/5 HTTP/1.1" 200 -
2025-06-30 10:48:43,676 - werkzeug - INFO - 127.0.0.1 - - [30/Jun/2025 10:48:43] "GET /api/devoluciones HTTP/1.1" 200 -
2025-06-30 10:48:46,371 - werkzeug - INFO - 127.0.0.1 - - [30/Jun/2025 10:48:46] "GET /api/devoluciones/15 HTTP/1.1" 200 -
2025-06-30 10:48:56,832 - werkzeug - INFO - 127.0.0.1 - - [30/Jun/2025 10:48:56] "GET /api/devoluciones/15 HTTP/1.1" 200 -
2025-06-30 10:49:04,562 - werkzeug - INFO - 127.0.0.1 - - [30/Jun/2025 10:49:04] "GET /api/devoluciones/13 HTTP/1.1" 200 -
2025-06-30 10:49:09,061 - werkzeug - INFO - 127.0.0.1 - - [30/Jun/2025 10:49:09] "OPTIONS /api/devoluciones/13/requerimientos HTTP/1.1" 200 -
2025-06-30 10:49:09,965 - app - ERROR - Error enviando email: 'ascii' codec can't encode character '\xf1' in position 29: ordinal not in range(128)
2025-06-30 10:49:09,965 - root - INFO - Email enviado para devolución 13
2025-06-30 10:49:09,966 - werkzeug - INFO - 127.0.0.1 - - [30/Jun/2025 10:49:09] "POST /api/devoluciones/13/requerimientos HTTP/1.1" 200 -
2025-06-30 10:49:10,000 - werkzeug - INFO - 127.0.0.1 - - [30/Jun/2025 10:49:10] "GET /api/devoluciones HTTP/1.1" 200 -
2025-06-30 10:49:10,349 - werkzeug - INFO - 127.0.0.1 - - [30/Jun/2025 10:49:10] "GET /api/devoluciones/13 HTTP/1.1" 200 -
2025-06-30 10:49:21,519 - werkzeug - INFO - 127.0.0.1 - - [30/Jun/2025 10:49:21] "GET /api/devoluciones/13 HTTP/1.1" 200 -
2025-06-30 10:49:23,923 - werkzeug - INFO - 127.0.0.1 - - [30/Jun/2025 10:49:23] "OPTIONS /api/devoluciones/13 HTTP/1.1" 200 -
2025-06-30 10:49:24,264 - werkzeug - INFO - 127.0.0.1 - - [30/Jun/2025 10:49:24] "PUT /api/devoluciones/13 HTTP/1.1" 200 -
2025-06-30 10:49:24,299 - werkzeug - INFO - 127.0.0.1 - - [30/Jun/2025 10:49:24] "GET /api/devoluciones/13 HTTP/1.1" 200 -
2025-06-30 12:28:04,602 - werkzeug - INFO - 127.0.0.1 - - [30/Jun/2025 12:28:04] "GET /api/devoluciones/5 HTTP/1.1" 200 -
2025-06-30 13:02:07,838 - werkzeug - INFO -  * Detected change in 'D:\\SitioWeb\\sistema-devoluciones\\backend\\app.py', reloading
2025-06-30 13:02:08,354 - werkzeug - INFO -  * Restarting with stat
2025-06-30 13:02:12,087 - werkzeug - WARNING -  * Debugger is active!
2025-06-30 13:02:12,094 - werkzeug - INFO -  * Debugger PIN: 135-065-037
2025-06-30 13:03:08,029 - werkzeug - INFO -  * Detected change in 'D:\\SitioWeb\\sistema-devoluciones\\backend\\app.py', reloading
2025-06-30 13:03:08,172 - werkzeug - INFO -  * Restarting with stat
2025-06-30 13:03:08,877 - werkzeug - WARNING -  * Debugger is active!
2025-06-30 13:03:08,883 - werkzeug - INFO -  * Debugger PIN: 135-065-037
2025-07-02 09:50:46,607 - werkzeug - INFO -  * Detected change in 'D:\\SitioWeb\\sistema-devoluciones\\backend\\app.py', reloading
2025-07-02 09:50:46,748 - werkzeug - INFO -  * Restarting with stat
2025-07-02 09:50:48,989 - werkzeug - WARNING -  * Debugger is active!
2025-07-02 09:50:48,992 - werkzeug - INFO -  * Debugger PIN: 135-065-037
2025-07-02 09:51:05,375 - werkzeug - INFO -  * Detected change in 'D:\\SitioWeb\\sistema-devoluciones\\backend\\app.py', reloading
2025-07-02 09:51:05,432 - werkzeug - INFO -  * Restarting with stat
2025-07-02 09:51:05,788 - werkzeug - WARNING -  * Debugger is active!
2025-07-02 09:51:05,791 - werkzeug - INFO -  * Debugger PIN: 135-065-037
2025-07-02 09:57:47,807 - werkzeug - INFO -  * Detected change in 'D:\\SitioWeb\\sistema-devoluciones\\backend\\app.py', reloading
2025-07-02 09:57:47,857 - werkzeug - INFO -  * Restarting with stat
2025-07-02 09:57:48,768 - werkzeug - WARNING -  * Debugger is active!
2025-07-02 09:57:48,771 - werkzeug - INFO -  * Debugger PIN: 135-065-037
2025-07-02 10:15:12,278 - werkzeug - INFO - 127.0.0.1 - - [02/Jul/2025 10:15:12] "GET /api/devoluciones HTTP/1.1" 200 -
2025-07-02 10:16:11,642 - werkzeug - INFO - 127.0.0.1 - - [02/Jul/2025 10:16:11] "GET /api/devoluciones HTTP/1.1" 200 -
2025-07-02 10:26:54,657 - werkzeug - INFO - 127.0.0.1 - - [02/Jul/2025 10:26:54] "GET /api/devoluciones/15 HTTP/1.1" 200 -
2025-07-02 11:05:34,417 - werkzeug - INFO - 127.0.0.1 - - [02/Jul/2025 11:05:34] "GET /api/devoluciones HTTP/1.1" 200 -
2025-07-02 11:05:34,428 - werkzeug - INFO - 127.0.0.1 - - [02/Jul/2025 11:05:34] "GET /api/empresas HTTP/1.1" 200 -
2025-07-02 11:10:01,159 - werkzeug - INFO - 127.0.0.1 - - [02/Jul/2025 11:10:01] "GET /api/devoluciones HTTP/1.1" 200 -
2025-07-02 11:10:01,163 - werkzeug - INFO - 127.0.0.1 - - [02/Jul/2025 11:10:01] "GET /api/empresas HTTP/1.1" 200 -
2025-07-02 11:10:18,897 - werkzeug - INFO - 127.0.0.1 - - [02/Jul/2025 11:10:18] "GET /api/devoluciones HTTP/1.1" 200 -
2025-07-02 11:10:19,209 - werkzeug - INFO - 127.0.0.1 - - [02/Jul/2025 11:10:19] "GET /api/empresas HTTP/1.1" 200 -
2025-07-02 11:13:21,429 - werkzeug - INFO - 127.0.0.1 - - [02/Jul/2025 11:13:21] "OPTIONS /api/empresas HTTP/1.1" 200 -
2025-07-02 11:13:21,694 - werkzeug - INFO - 127.0.0.1 - - [02/Jul/2025 11:13:21] "[31m[1mPOST /api/empresas HTTP/1.1[0m" 400 -
2025-07-02 11:15:15,665 - werkzeug - INFO - 127.0.0.1 - - [02/Jul/2025 11:15:15] "OPTIONS /api/empresas HTTP/1.1" 200 -
2025-07-02 11:15:15,926 - werkzeug - INFO - 127.0.0.1 - - [02/Jul/2025 11:15:15] "[31m[1mPOST /api/empresas HTTP/1.1[0m" 400 -
2025-07-02 11:22:45,453 - werkzeug - INFO - 127.0.0.1 - - [02/Jul/2025 11:22:45] "GET /api/empresas HTTP/1.1" 200 -
2025-07-02 11:22:45,455 - werkzeug - INFO - 127.0.0.1 - - [02/Jul/2025 11:22:45] "GET /api/devoluciones HTTP/1.1" 200 -
2025-07-02 11:23:10,364 - werkzeug - INFO - 127.0.0.1 - - [02/Jul/2025 11:23:10] "OPTIONS /api/empresas HTTP/1.1" 200 -
2025-07-02 11:23:10,745 - werkzeug - INFO - 127.0.0.1 - - [02/Jul/2025 11:23:10] "[35m[1mPOST /api/empresas HTTP/1.1[0m" 201 -
2025-07-02 11:23:10,928 - werkzeug - INFO - 127.0.0.1 - - [02/Jul/2025 11:23:10] "GET /api/empresas HTTP/1.1" 200 -
2025-07-03 15:11:40,565 - werkzeug - INFO -  * Detected change in 'D:\\SitioWeb\\sistema-devoluciones\\backend\\app.py', reloading
2025-07-03 15:11:40,769 - werkzeug - INFO -  * Restarting with stat
2025-07-03 15:11:43,168 - werkzeug - WARNING -  * Debugger is active!
2025-07-03 15:11:43,172 - werkzeug - INFO -  * Debugger PIN: 135-065-037
2025-07-03 15:13:18,954 - werkzeug - INFO -  * Detected change in 'D:\\SitioWeb\\sistema-devoluciones\\backend\\app.py', reloading
2025-07-03 15:13:18,994 - werkzeug - INFO -  * Restarting with stat
2025-07-03 15:13:19,350 - werkzeug - WARNING -  * Debugger is active!
2025-07-03 15:13:19,353 - werkzeug - INFO -  * Debugger PIN: 135-065-037
2025-07-03 15:13:34,337 - werkzeug - INFO - 127.0.0.1 - - [03/Jul/2025 15:13:34] "GET /api/devoluciones HTTP/1.1" 200 -
2025-07-03 15:13:34,338 - werkzeug - INFO - 127.0.0.1 - - [03/Jul/2025 15:13:34] "GET /api/empresas HTTP/1.1" 200 -
2025-07-03 15:18:09,382 - werkzeug - INFO - 127.0.0.1 - - [03/Jul/2025 15:18:09] "GET /api/empresas HTTP/1.1" 200 -
2025-07-03 15:18:09,383 - werkzeug - INFO - 127.0.0.1 - - [03/Jul/2025 15:18:09] "GET /api/devoluciones HTTP/1.1" 200 -
2025-07-03 15:19:26,209 - werkzeug - INFO - 127.0.0.1 - - [03/Jul/2025 15:19:26] "OPTIONS /api/devoluciones HTTP/1.1" 200 -
2025-07-03 15:19:26,473 - werkzeug - INFO - 127.0.0.1 - - [03/Jul/2025 15:19:26] "[31m[1mPOST /api/devoluciones HTTP/1.1[0m" 400 -
2025-07-03 15:19:33,770 - werkzeug - INFO - 127.0.0.1 - - [03/Jul/2025 15:19:33] "OPTIONS /api/devoluciones HTTP/1.1" 200 -
2025-07-03 15:19:34,080 - werkzeug - INFO - 127.0.0.1 - - [03/Jul/2025 15:19:34] "[31m[1mPOST /api/devoluciones HTTP/1.1[0m" 400 -
2025-07-03 15:33:07,996 - werkzeug - INFO - 127.0.0.1 - - [03/Jul/2025 15:33:07] "GET /api/empresas HTTP/1.1" 200 -
2025-07-03 15:33:07,997 - werkzeug - INFO - 127.0.0.1 - - [03/Jul/2025 15:33:07] "GET /api/devoluciones HTTP/1.1" 200 -
2025-07-03 15:33:25,913 - werkzeug - INFO - [31m[1mWARNING: This is a development server. Do not use it in a production deployment. Use a production WSGI server instead.[0m
 * Running on http://127.0.0.1:5000
2025-07-03 15:33:25,913 - werkzeug - INFO - [33mPress CTRL+C to quit[0m
2025-07-03 15:33:25,915 - werkzeug - INFO -  * Restarting with stat
2025-07-03 15:33:26,213 - werkzeug - WARNING -  * Debugger is active!
2025-07-03 15:33:26,216 - werkzeug - INFO -  * Debugger PIN: 135-065-037
2025-07-03 15:33:29,119 - werkzeug - INFO - 127.0.0.1 - - [03/Jul/2025 15:33:29] "GET /api/devoluciones HTTP/1.1" 200 -
2025-07-03 15:33:29,119 - werkzeug - INFO - 127.0.0.1 - - [03/Jul/2025 15:33:29] "GET /api/empresas HTTP/1.1" 200 -
2025-07-03 15:33:33,912 - werkzeug - INFO - 127.0.0.1 - - [03/Jul/2025 15:33:33] "GET /api/devoluciones HTTP/1.1" 200 -
2025-07-03 15:33:34,219 - werkzeug - INFO - 127.0.0.1 - - [03/Jul/2025 15:33:34] "GET /api/empresas HTTP/1.1" 200 -
2025-07-03 15:34:13,904 - werkzeug - INFO - 127.0.0.1 - - [03/Jul/2025 15:34:13] "OPTIONS /api/devoluciones HTTP/1.1" 200 -
2025-07-03 15:34:14,168 - werkzeug - INFO - 127.0.0.1 - - [03/Jul/2025 15:34:14] "[31m[1mPOST /api/devoluciones HTTP/1.1[0m" 400 -
2025-07-03 15:40:18,220 - werkzeug - INFO - 127.0.0.1 - - [03/Jul/2025 15:40:18] "GET /api/devoluciones HTTP/1.1" 200 -
2025-07-03 15:40:18,639 - werkzeug - INFO - 127.0.0.1 - - [03/Jul/2025 15:40:18] "GET /api/devoluciones HTTP/1.1" 200 -
2025-07-03 15:41:31,527 - werkzeug - INFO - 127.0.0.1 - - [03/Jul/2025 15:41:31] "GET /api/devoluciones HTTP/1.1" 200 -
2025-07-03 15:41:31,527 - werkzeug - INFO - 127.0.0.1 - - [03/Jul/2025 15:41:31] "GET /api/empresas HTTP/1.1" 200 -
2025-07-03 15:43:16,401 - werkzeug - INFO - 127.0.0.1 - - [03/Jul/2025 15:43:16] "GET /api/devoluciones HTTP/1.1" 200 -
2025-07-03 15:43:16,417 - werkzeug - INFO - 127.0.0.1 - - [03/Jul/2025 15:43:16] "GET /api/empresas HTTP/1.1" 200 -
2025-07-03 15:43:39,908 - werkzeug - INFO - 127.0.0.1 - - [03/Jul/2025 15:43:39] "OPTIONS /api/devoluciones HTTP/1.1" 200 -
2025-07-03 15:43:40,226 - werkzeug - INFO - 127.0.0.1 - - [03/Jul/2025 15:43:40] "[31m[1mPOST /api/devoluciones HTTP/1.1[0m" 400 -
2025-07-03 15:47:37,072 - werkzeug - INFO -  * Detected change in 'D:\\SitioWeb\\sistema-devoluciones\\backend\\app.py', reloading
2025-07-03 15:47:37,114 - werkzeug - INFO -  * Restarting with stat
2025-07-03 15:47:37,446 - werkzeug - WARNING -  * Debugger is active!
2025-07-03 15:47:37,449 - werkzeug - INFO -  * Debugger PIN: 135-065-037
2025-07-03 15:47:40,735 - werkzeug - INFO - 127.0.0.1 - - [03/Jul/2025 15:47:40] "GET /api/devoluciones HTTP/1.1" 200 -
2025-07-03 15:47:40,736 - werkzeug - INFO - 127.0.0.1 - - [03/Jul/2025 15:47:40] "GET /api/empresas HTTP/1.1" 200 -
2025-07-03 15:48:02,039 - werkzeug - INFO - 127.0.0.1 - - [03/Jul/2025 15:48:02] "OPTIONS /api/devoluciones HTTP/1.1" 200 -
2025-07-03 15:48:02,474 - werkzeug - INFO - 127.0.0.1 - - [03/Jul/2025 15:48:02] "[35m[1mPOST /api/devoluciones HTTP/1.1[0m" 201 -
2025-07-03 15:48:02,612 - werkzeug - INFO - 127.0.0.1 - - [03/Jul/2025 15:48:02] "GET /api/devoluciones HTTP/1.1" 200 -
2025-07-03 15:56:53,782 - werkzeug - INFO - 127.0.0.1 - - [03/Jul/2025 15:56:53] "GET /api/empresas HTTP/1.1" 200 -
2025-07-03 15:56:53,783 - werkzeug - INFO - 127.0.0.1 - - [03/Jul/2025 15:56:53] "GET /api/devoluciones HTTP/1.1" 200 -
2025-07-03 15:56:57,549 - werkzeug - INFO - 127.0.0.1 - - [03/Jul/2025 15:56:57] "GET /api/devoluciones/16 HTTP/1.1" 200 -
2025-07-03 15:57:02,660 - werkzeug - INFO - 127.0.0.1 - - [03/Jul/2025 15:57:02] "GET /api/devoluciones/16 HTTP/1.1" 200 -
2025-07-03 16:00:09,062 - werkzeug - INFO - 127.0.0.1 - - [03/Jul/2025 16:00:09] "GET /api/devoluciones HTTP/1.1" 200 -
2025-07-03 16:00:09,062 - werkzeug - INFO - 127.0.0.1 - - [03/Jul/2025 16:00:09] "GET /api/empresas HTTP/1.1" 200 -
2025-07-03 16:12:48,531 - werkzeug - INFO - 127.0.0.1 - - [03/Jul/2025 16:12:48] "OPTIONS /api/empresas HTTP/1.1" 200 -
2025-07-03 16:12:49,127 - werkzeug - INFO - 127.0.0.1 - - [03/Jul/2025 16:12:49] "[35m[1mPOST /api/empresas HTTP/1.1[0m" 500 -
2025-07-03 16:12:49,129 - werkzeug - INFO - 127.0.0.1 - - [03/Jul/2025 16:12:49] "[35m[1mPOST /api/empresas HTTP/1.1[0m" 500 -
2025-07-03 16:12:57,055 - werkzeug - INFO - 127.0.0.1 - - [03/Jul/2025 16:12:57] "OPTIONS /api/empresas HTTP/1.1" 200 -
2025-07-03 16:12:57,406 - werkzeug - INFO - 127.0.0.1 - - [03/Jul/2025 16:12:57] "[35m[1mPOST /api/empresas HTTP/1.1[0m" 201 -
2025-07-03 16:12:57,418 - werkzeug - INFO - 127.0.0.1 - - [03/Jul/2025 16:12:57] "GET /api/empresas HTTP/1.1" 200 -
2025-07-03 16:13:40,865 - werkzeug - INFO - 127.0.0.1 - - [03/Jul/2025 16:13:40] "OPTIONS /api/devoluciones HTTP/1.1" 200 -
2025-07-03 16:13:41,252 - werkzeug - INFO - 127.0.0.1 - - [03/Jul/2025 16:13:41] "[35m[1mPOST /api/devoluciones HTTP/1.1[0m" 201 -
2025-07-03 16:13:41,264 - werkzeug - INFO - 127.0.0.1 - - [03/Jul/2025 16:13:41] "GET /api/devoluciones HTTP/1.1" 200 -
2025-07-03 16:13:49,929 - werkzeug - INFO - 127.0.0.1 - - [03/Jul/2025 16:13:49] "GET /api/devoluciones/17 HTTP/1.1" 200 -
2025-07-07 12:30:32,065 - werkzeug - INFO - [31m[1mWARNING: This is a development server. Do not use it in a production deployment. Use a production WSGI server instead.[0m
 * Running on http://127.0.0.1:5000
2025-07-07 12:30:32,099 - werkzeug - INFO - [33mPress CTRL+C to quit[0m
2025-07-07 12:30:32,128 - werkzeug - INFO -  * Restarting with stat
2025-07-07 12:30:32,725 - werkzeug - WARNING -  * Debugger is active!
2025-07-07 12:30:32,731 - werkzeug - INFO -  * Debugger PIN: 135-065-037
2025-07-07 12:31:55,591 - werkzeug - INFO - 127.0.0.1 - - [07/Jul/2025 12:31:55] "[33mGET /src/ HTTP/1.1[0m" 404 -
2025-07-07 12:31:55,647 - werkzeug - INFO - 127.0.0.1 - - [07/Jul/2025 12:31:55] "[33mGET /.well-known/appspecific/com.chrome.devtools.json HTTP/1.1[0m" 404 -
2025-07-07 12:31:56,225 - werkzeug - INFO - 127.0.0.1 - - [07/Jul/2025 12:31:56] "[33mGET /src/ HTTP/1.1[0m" 404 -
2025-07-07 12:31:56,384 - werkzeug - INFO - 127.0.0.1 - - [07/Jul/2025 12:31:56] "[33mGET /favicon.ico HTTP/1.1[0m" 404 -
2025-07-07 12:47:13,201 - werkzeug - INFO - 127.0.0.1 - - [07/Jul/2025 12:47:13] "GET /api/empresas HTTP/1.1" 200 -
2025-07-07 12:47:13,208 - werkzeug - INFO - 127.0.0.1 - - [07/Jul/2025 12:47:13] "GET /api/devoluciones HTTP/1.1" 200 -
2025-07-07 12:47:40,410 - werkzeug - INFO - 127.0.0.1 - - [07/Jul/2025 12:47:40] "GET /api/devoluciones HTTP/1.1" 200 -
2025-07-07 12:47:40,715 - werkzeug - INFO - 127.0.0.1 - - [07/Jul/2025 12:47:40] "GET /api/empresas HTTP/1.1" 200 -
2025-07-07 12:47:57,921 - werkzeug - INFO - 127.0.0.1 - - [07/Jul/2025 12:47:57] "GET /api/devoluciones HTTP/1.1" 200 -
2025-07-07 12:47:57,922 - werkzeug - INFO - 127.0.0.1 - - [07/Jul/2025 12:47:57] "GET /api/empresas HTTP/1.1" 200 -
2025-07-07 12:55:41,600 - werkzeug - INFO - [31m[1mWARNING: This is a development server. Do not use it in a production deployment. Use a production WSGI server instead.[0m
 * Running on http://127.0.0.1:5000
2025-07-07 12:55:41,600 - werkzeug - INFO - [33mPress CTRL+C to quit[0m
2025-07-07 12:55:41,604 - werkzeug - INFO -  * Restarting with stat
2025-07-07 12:55:42,163 - werkzeug - WARNING -  * Debugger is active!
2025-07-07 12:55:42,172 - werkzeug - INFO -  * Debugger PIN: 135-065-037
2025-07-07 13:59:48,109 - werkzeug - INFO - [31m[1mWARNING: This is a development server. Do not use it in a production deployment. Use a production WSGI server instead.[0m
 * Running on http://127.0.0.1:5000
2025-07-07 13:59:48,117 - werkzeug - INFO - [33mPress CTRL+C to quit[0m
2025-07-07 13:59:48,123 - werkzeug - INFO -  * Restarting with stat
2025-07-07 13:59:48,701 - werkzeug - WARNING -  * Debugger is active!
2025-07-07 13:59:48,706 - werkzeug - INFO -  * Debugger PIN: 135-065-037
2025-07-07 13:59:57,605 - werkzeug - INFO - 127.0.0.1 - - [07/Jul/2025 13:59:57] "GET /api/devoluciones HTTP/1.1" 200 -
2025-07-07 13:59:57,607 - werkzeug - INFO - 127.0.0.1 - - [07/Jul/2025 13:59:57] "GET /api/empresas HTTP/1.1" 200 -
2025-07-07 14:00:02,351 - werkzeug - INFO - 127.0.0.1 - - [07/Jul/2025 14:00:02] "GET /api/devoluciones HTTP/1.1" 200 -
2025-07-07 14:00:02,733 - werkzeug - INFO - 127.0.0.1 - - [07/Jul/2025 14:00:02] "GET /api/devoluciones HTTP/1.1" 200 -
2025-07-07 14:00:09,718 - werkzeug - INFO - 127.0.0.1 - - [07/Jul/2025 14:00:09] "GET /api/devoluciones HTTP/1.1" 200 -
2025-07-07 14:00:10,024 - werkzeug - INFO - 127.0.0.1 - - [07/Jul/2025 14:00:10] "GET /api/empresas HTTP/1.1" 200 -
2025-07-07 14:00:22,582 - werkzeug - INFO - 127.0.0.1 - - [07/Jul/2025 14:00:22] "GET /api/empresas HTTP/1.1" 200 -
2025-07-07 14:00:22,631 - werkzeug - INFO - 127.0.0.1 - - [07/Jul/2025 14:00:22] "GET /api/empresas HTTP/1.1" 200 -
2025-07-07 14:30:40,292 - werkzeug - INFO -  * Detected change in 'D:\\SitioWeb\\sistema-devoluciones\\backend\\app.py', reloading
2025-07-07 14:30:40,921 - werkzeug - INFO -  * Restarting with stat
2025-07-07 14:30:41,521 - werkzeug - WARNING -  * Debugger is active!
2025-07-07 14:30:41,526 - werkzeug - INFO -  * Debugger PIN: 135-065-037
2025-07-07 14:31:02,768 - werkzeug - INFO - 127.0.0.1 - - [07/Jul/2025 14:31:02] "GET /api/devoluciones HTTP/1.1" 200 -
2025-07-07 14:31:02,769 - werkzeug - INFO - 127.0.0.1 - - [07/Jul/2025 14:31:02] "GET /api/empresas HTTP/1.1" 200 -
2025-07-07 14:31:05,140 - werkzeug - INFO - 127.0.0.1 - - [07/Jul/2025 14:31:05] "GET /api/devoluciones HTTP/1.1" 200 -
2025-07-07 14:31:05,443 - werkzeug - INFO - 127.0.0.1 - - [07/Jul/2025 14:31:05] "GET /api/empresas HTTP/1.1" 200 -
2025-07-07 14:31:58,962 - werkzeug - INFO - 127.0.0.1 - - [07/Jul/2025 14:31:58] "GET /api/devoluciones HTTP/1.1" 200 -
2025-07-07 14:31:58,965 - werkzeug - INFO - 127.0.0.1 - - [07/Jul/2025 14:31:58] "GET /api/empresas HTTP/1.1" 200 -
2025-07-07 14:32:43,263 - werkzeug - INFO - 127.0.0.1 - - [07/Jul/2025 14:32:43] "GET /api/empresas HTTP/1.1" 200 -
2025-07-07 14:32:43,265 - werkzeug - INFO - 127.0.0.1 - - [07/Jul/2025 14:32:43] "GET /api/devoluciones HTTP/1.1" 200 -
2025-07-07 14:39:12,310 - werkzeug - INFO - 127.0.0.1 - - [07/Jul/2025 14:39:12] "GET /api/devoluciones HTTP/1.1" 200 -
2025-07-07 14:39:12,311 - werkzeug - INFO - 127.0.0.1 - - [07/Jul/2025 14:39:12] "GET /api/empresas HTTP/1.1" 200 -
2025-07-07 14:41:01,892 - werkzeug - INFO - 127.0.0.1 - - [07/Jul/2025 14:41:01] "GET /api/devoluciones HTTP/1.1" 200 -
2025-07-07 14:41:01,894 - werkzeug - INFO - 127.0.0.1 - - [07/Jul/2025 14:41:01] "GET /api/empresas HTTP/1.1" 200 -
2025-07-07 14:41:37,075 - werkzeug - INFO - 127.0.0.1 - - [07/Jul/2025 14:41:37] "GET /api/devoluciones HTTP/1.1" 200 -
2025-07-07 14:41:37,380 - werkzeug - INFO - 127.0.0.1 - - [07/Jul/2025 14:41:37] "GET /api/empresas HTTP/1.1" 200 -
2025-07-07 14:43:05,502 - werkzeug - INFO - 127.0.0.1 - - [07/Jul/2025 14:43:05] "GET /api/devoluciones HTTP/1.1" 200 -
2025-07-07 14:43:05,503 - werkzeug - INFO - 127.0.0.1 - - [07/Jul/2025 14:43:05] "GET /api/empresas HTTP/1.1" 200 -
2025-07-07 14:44:20,054 - werkzeug - INFO - 127.0.0.1 - - [07/Jul/2025 14:44:20] "GET /api/empresas HTTP/1.1" 200 -
2025-07-07 14:44:20,055 - werkzeug - INFO - 127.0.0.1 - - [07/Jul/2025 14:44:20] "GET /api/devoluciones HTTP/1.1" 200 -
2025-07-07 14:52:57,778 - werkzeug - INFO - 127.0.0.1 - - [07/Jul/2025 14:52:57] "GET /api/devoluciones HTTP/1.1" 200 -
2025-07-07 14:52:57,786 - werkzeug - INFO - 127.0.0.1 - - [07/Jul/2025 14:52:57] "GET /api/empresas HTTP/1.1" 200 -
2025-07-07 14:54:29,015 - werkzeug - INFO - 127.0.0.1 - - [07/Jul/2025 14:54:29] "GET /api/devoluciones HTTP/1.1" 200 -
2025-07-07 14:54:29,017 - werkzeug - INFO - 127.0.0.1 - - [07/Jul/2025 14:54:29] "GET /api/empresas HTTP/1.1" 200 -
2025-07-07 14:54:38,520 - werkzeug - INFO - 127.0.0.1 - - [07/Jul/2025 14:54:38] "GET /api/devoluciones HTTP/1.1" 200 -
2025-07-07 14:54:38,838 - werkzeug - INFO - 127.0.0.1 - - [07/Jul/2025 14:54:38] "GET /api/empresas HTTP/1.1" 200 -
2025-07-07 14:55:20,784 - werkzeug - INFO - 127.0.0.1 - - [07/Jul/2025 14:55:20] "GET /api/empresas HTTP/1.1" 200 -
2025-07-07 14:55:20,797 - werkzeug - INFO - 127.0.0.1 - - [07/Jul/2025 14:55:20] "GET /api/devoluciones HTTP/1.1" 200 -
2025-07-07 14:55:52,972 - werkzeug - INFO - 127.0.0.1 - - [07/Jul/2025 14:55:52] "GET /api/devoluciones/16 HTTP/1.1" 200 -
2025-07-07 14:56:02,263 - werkzeug - INFO - 127.0.0.1 - - [07/Jul/2025 14:56:02] "GET /api/devoluciones/17 HTTP/1.1" 200 -
2025-07-07 14:56:45,925 - werkzeug - INFO - 127.0.0.1 - - [07/Jul/2025 14:56:45] "GET /api/devoluciones/5 HTTP/1.1" 200 -
2025-07-07 14:57:08,953 - werkzeug - INFO - 127.0.0.1 - - [07/Jul/2025 14:57:08] "GET /api/devoluciones/16 HTTP/1.1" 200 -
2025-07-07 14:57:15,821 - werkzeug - INFO - 127.0.0.1 - - [07/Jul/2025 14:57:15] "OPTIONS /api/devoluciones/16/requerimientos HTTP/1.1" 200 -
2025-07-07 14:57:17,395 - app - ERROR - Error enviando email: 'ascii' codec can't encode character '\xf1' in position 30: ordinal not in range(128)
2025-07-07 14:57:17,395 - root - INFO - Email enviado para devolución 16
2025-07-07 14:57:17,396 - werkzeug - INFO - 127.0.0.1 - - [07/Jul/2025 14:57:17] "POST /api/devoluciones/16/requerimientos HTTP/1.1" 200 -
2025-07-07 14:57:17,444 - werkzeug - INFO - 127.0.0.1 - - [07/Jul/2025 14:57:17] "GET /api/devoluciones HTTP/1.1" 200 -
2025-07-07 14:57:17,779 - werkzeug - INFO - 127.0.0.1 - - [07/Jul/2025 14:57:17] "GET /api/devoluciones/16 HTTP/1.1" 200 -
2025-07-07 15:04:10,607 - werkzeug - INFO -  * Detected change in 'D:\\SitioWeb\\sistema-devoluciones\\backend\\app.py', reloading
2025-07-07 15:04:10,785 - werkzeug - INFO -  * Restarting with stat
2025-07-09 09:33:43,363 - werkzeug - INFO - [31m[1mWARNING: This is a development server. Do not use it in a production deployment. Use a production WSGI server instead.[0m
 * Running on all addresses (0.0.0.0)
 * Running on http://127.0.0.1:5000
 * Running on http://172.20.10.5:5000
2025-07-09 09:33:43,390 - werkzeug - INFO - [33mPress CTRL+C to quit[0m
2025-07-09 09:45:00,073 - werkzeug - INFO - [31m[1mWARNING: This is a development server. Do not use it in a production deployment. Use a production WSGI server instead.[0m
 * Running on http://127.0.0.1:5000
2025-07-09 09:45:00,073 - werkzeug - INFO - [33mPress CTRL+C to quit[0m
2025-07-09 09:55:37,907 - werkzeug - INFO - [31m[1mWARNING: This is a development server. Do not use it in a production deployment. Use a production WSGI server instead.[0m
 * Running on http://127.0.0.1:5000
2025-07-09 09:55:37,908 - werkzeug - INFO - [33mPress CTRL+C to quit[0m
2025-07-09 10:16:05,393 - werkzeug - INFO - [31m[1mWARNING: This is a development server. Do not use it in a production deployment. Use a production WSGI server instead.[0m
 * Running on all addresses (0.0.0.0)
 * Running on http://127.0.0.1:5000
 * Running on http://172.20.10.5:5000
2025-07-09 10:16:05,394 - werkzeug - INFO - [33mPress CTRL+C to quit[0m
2025-07-09 10:24:52,170 - werkzeug - INFO - 127.0.0.1 - - [09/Jul/2025 10:24:52] "GET /api/devoluciones HTTP/1.1" 200 -
2025-07-09 10:24:52,172 - werkzeug - INFO - 127.0.0.1 - - [09/Jul/2025 10:24:52] "GET /api/empresas HTTP/1.1" 200 -
2025-07-09 10:25:57,516 - werkzeug - INFO - 127.0.0.1 - - [09/Jul/2025 10:25:57] "GET /api/devoluciones HTTP/1.1" 200 -
2025-07-09 10:25:57,518 - werkzeug - INFO - 127.0.0.1 - - [09/Jul/2025 10:25:57] "GET /api/empresas HTTP/1.1" 200 -
2025-07-09 10:26:42,848 - werkzeug - INFO - 127.0.0.1 - - [09/Jul/2025 10:26:42] "GET /api/devoluciones HTTP/1.1" 200 -
2025-07-09 10:26:43,159 - werkzeug - INFO - 127.0.0.1 - - [09/Jul/2025 10:26:43] "GET /api/empresas HTTP/1.1" 200 -
2025-07-09 10:26:53,853 - werkzeug - INFO - [31m[1mWARNING: This is a development server. Do not use it in a production deployment. Use a production WSGI server instead.[0m
 * Running on http://127.0.0.1:5000
2025-07-09 10:26:53,853 - werkzeug - INFO - [33mPress CTRL+C to quit[0m
2025-07-09 10:27:01,147 - werkzeug - INFO - 127.0.0.1 - - [09/Jul/2025 10:27:01] "GET /api/devoluciones HTTP/1.1" 200 -
2025-07-09 10:27:01,149 - werkzeug - INFO - 127.0.0.1 - - [09/Jul/2025 10:27:01] "GET /api/empresas HTTP/1.1" 200 -
2025-07-09 10:27:36,481 - werkzeug - INFO - 127.0.0.1 - - [09/Jul/2025 10:27:36] "GET /api/devoluciones/16 HTTP/1.1" 200 -
2025-07-09 10:27:40,071 - werkzeug - INFO - 127.0.0.1 - - [09/Jul/2025 10:27:40] "OPTIONS /api/devoluciones/16 HTTP/1.1" 200 -
2025-07-09 10:27:40,483 - werkzeug - INFO - 127.0.0.1 - - [09/Jul/2025 10:27:40] "PUT /api/devoluciones/16 HTTP/1.1" 200 -
2025-07-09 10:27:40,530 - werkzeug - INFO - 127.0.0.1 - - [09/Jul/2025 10:27:40] "GET /api/devoluciones/16 HTTP/1.1" 200 -
2025-07-09 10:28:00,900 - werkzeug - INFO - 127.0.0.1 - - [09/Jul/2025 10:28:00] "GET /api/devoluciones/16 HTTP/1.1" 200 -
2025-07-09 12:35:29,322 - werkzeug - INFO - 127.0.0.1 - - [09/Jul/2025 12:35:29] "GET /api/empresas HTTP/1.1" 200 -
2025-07-09 12:35:29,324 - werkzeug - INFO - 127.0.0.1 - - [09/Jul/2025 12:35:29] "GET /api/devoluciones HTTP/1.1" 200 -
2025-07-09 12:35:57,999 - werkzeug - INFO - 127.0.0.1 - - [09/Jul/2025 12:35:57] "GET /api/devoluciones HTTP/1.1" 200 -
2025-07-09 12:35:58,306 - werkzeug - INFO - 127.0.0.1 - - [09/Jul/2025 12:35:58] "GET /api/empresas HTTP/1.1" 200 -
2025-07-09 12:48:29,508 - werkzeug - INFO - 127.0.0.1 - - [09/Jul/2025 12:48:29] "GET /api/devoluciones HTTP/1.1" 200 -
2025-07-09 12:48:29,509 - werkzeug - INFO - 127.0.0.1 - - [09/Jul/2025 12:48:29] "GET /api/empresas HTTP/1.1" 200 -
2025-07-09 12:53:10,570 - werkzeug - INFO - 127.0.0.1 - - [09/Jul/2025 12:53:10] "GET /api/devoluciones HTTP/1.1" 200 -
2025-07-09 12:53:10,570 - werkzeug - INFO - 127.0.0.1 - - [09/Jul/2025 12:53:10] "GET /api/empresas HTTP/1.1" 200 -
2025-07-09 12:53:21,657 - werkzeug - INFO - 127.0.0.1 - - [09/Jul/2025 12:53:21] "GET /api/devoluciones HTTP/1.1" 200 -
2025-07-09 12:53:21,959 - werkzeug - INFO - 127.0.0.1 - - [09/Jul/2025 12:53:21] "GET /api/empresas HTTP/1.1" 200 -
2025-07-09 12:53:37,012 - werkzeug - INFO - 127.0.0.1 - - [09/Jul/2025 12:53:37] "GET /api/devoluciones HTTP/1.1" 200 -
2025-07-09 12:53:37,013 - werkzeug - INFO - 127.0.0.1 - - [09/Jul/2025 12:53:37] "GET /api/empresas HTTP/1.1" 200 -
2025-07-09 13:23:35,511 - werkzeug - INFO - 127.0.0.1 - - [09/Jul/2025 13:23:35] "GET /api/devoluciones HTTP/1.1" 200 -
2025-07-09 13:23:35,512 - werkzeug - INFO - 127.0.0.1 - - [09/Jul/2025 13:23:35] "GET /api/empresas HTTP/1.1" 200 -
2025-07-09 13:23:49,038 - werkzeug - INFO - 127.0.0.1 - - [09/Jul/2025 13:23:49] "GET /api/devoluciones HTTP/1.1" 200 -
2025-07-09 13:23:49,345 - werkzeug - INFO - 127.0.0.1 - - [09/Jul/2025 13:23:49] "GET /api/empresas HTTP/1.1" 200 -
2025-07-09 13:27:59,370 - werkzeug - INFO - 127.0.0.1 - - [09/Jul/2025 13:27:59] "GET /api/devoluciones HTTP/1.1" 200 -
2025-07-09 13:27:59,371 - werkzeug - INFO - 127.0.0.1 - - [09/Jul/2025 13:27:59] "GET /api/empresas HTTP/1.1" 200 -
2025-07-09 13:28:05,366 - werkzeug - INFO - 127.0.0.1 - - [09/Jul/2025 13:28:05] "GET /api/devoluciones HTTP/1.1" 200 -
2025-07-09 13:28:05,664 - werkzeug - INFO - 127.0.0.1 - - [09/Jul/2025 13:28:05] "GET /api/empresas HTTP/1.1" 200 -
2025-07-09 14:33:06,472 - werkzeug - INFO - 127.0.0.1 - - [09/Jul/2025 14:33:06] "GET /api/devoluciones HTTP/1.1" 200 -
2025-07-09 14:33:06,473 - werkzeug - INFO - 127.0.0.1 - - [09/Jul/2025 14:33:06] "GET /api/empresas HTTP/1.1" 200 -
2025-07-09 14:33:24,063 - werkzeug - INFO - 127.0.0.1 - - [09/Jul/2025 14:33:24] "GET /api/devoluciones HTTP/1.1" 200 -
2025-07-09 14:33:24,367 - werkzeug - INFO - 127.0.0.1 - - [09/Jul/2025 14:33:24] "GET /api/empresas HTTP/1.1" 200 -
2025-07-09 15:47:15,741 - werkzeug - INFO - 127.0.0.1 - - [09/Jul/2025 15:47:15] "GET /api/devoluciones HTTP/1.1" 200 -
2025-07-09 15:47:15,746 - werkzeug - INFO - 127.0.0.1 - - [09/Jul/2025 15:47:15] "GET /api/empresas HTTP/1.1" 200 -
2025-07-09 16:08:18,233 - werkzeug - INFO - 127.0.0.1 - - [09/Jul/2025 16:08:18] "GET /api/devoluciones HTTP/1.1" 200 -
2025-07-09 16:08:18,234 - werkzeug - INFO - 127.0.0.1 - - [09/Jul/2025 16:08:18] "GET /api/empresas HTTP/1.1" 200 -
2025-07-09 16:08:57,824 - werkzeug - INFO - 127.0.0.1 - - [09/Jul/2025 16:08:57] "GET /api/devoluciones HTTP/1.1" 200 -
2025-07-09 16:08:58,137 - werkzeug - INFO - 127.0.0.1 - - [09/Jul/2025 16:08:58] "GET /api/empresas HTTP/1.1" 200 -
2025-07-09 16:11:58,225 - werkzeug - INFO - 127.0.0.1 - - [09/Jul/2025 16:11:58] "GET /api/devoluciones HTTP/1.1" 200 -
2025-07-09 16:11:58,225 - werkzeug - INFO - 127.0.0.1 - - [09/Jul/2025 16:11:58] "GET /api/empresas HTTP/1.1" 200 -
2025-07-09 16:28:45,358 - werkzeug - INFO - 127.0.0.1 - - [09/Jul/2025 16:28:45] "GET /api/devoluciones HTTP/1.1" 200 -
2025-07-09 16:28:45,359 - werkzeug - INFO - 127.0.0.1 - - [09/Jul/2025 16:28:45] "GET /api/empresas HTTP/1.1" 200 -
2025-07-09 16:29:31,235 - werkzeug - INFO - 127.0.0.1 - - [09/Jul/2025 16:29:31] "GET /api/empresas HTTP/1.1" 200 -
2025-07-09 16:29:31,242 - werkzeug - INFO - 127.0.0.1 - - [09/Jul/2025 16:29:31] "GET /api/devoluciones HTTP/1.1" 200 -
2025-07-09 16:32:27,758 - werkzeug - INFO - 127.0.0.1 - - [09/Jul/2025 16:32:27] "GET /api/devoluciones HTTP/1.1" 200 -
2025-07-09 16:32:27,759 - werkzeug - INFO - 127.0.0.1 - - [09/Jul/2025 16:32:27] "GET /api/empresas HTTP/1.1" 200 -
2025-07-09 16:33:52,480 - werkzeug - INFO - 127.0.0.1 - - [09/Jul/2025 16:33:52] "GET /api/empresas HTTP/1.1" 200 -
2025-07-09 16:33:52,482 - werkzeug - INFO - 127.0.0.1 - - [09/Jul/2025 16:33:52] "GET /api/devoluciones HTTP/1.1" 200 -
2025-07-09 16:34:10,245 - werkzeug - INFO - [31m[1mWARNING: This is a development server. Do not use it in a production deployment. Use a production WSGI server instead.[0m
 * Running on http://127.0.0.1:5000
2025-07-09 16:34:10,245 - werkzeug - INFO - [33mPress CTRL+C to quit[0m
2025-07-09 16:34:10,448 - werkzeug - INFO - 127.0.0.1 - - [09/Jul/2025 16:34:10] "GET /api/devoluciones HTTP/1.1" 200 -
2025-07-09 16:34:10,449 - werkzeug - INFO - 127.0.0.1 - - [09/Jul/2025 16:34:10] "GET /api/empresas HTTP/1.1" 200 -
2025-07-09 16:50:12,484 - werkzeug - INFO - [31m[1mWARNING: This is a development server. Do not use it in a production deployment. Use a production WSGI server instead.[0m
 * Running on http://127.0.0.1:5000
2025-07-09 16:50:12,485 - werkzeug - INFO - [33mPress CTRL+C to quit[0m
2025-07-09 16:53:10,312 - werkzeug - INFO - 127.0.0.1 - - [09/Jul/2025 16:53:10] "GET /api/devoluciones HTTP/1.1" 200 -
2025-07-09 16:53:10,314 - werkzeug - INFO - 127.0.0.1 - - [09/Jul/2025 16:53:10] "GET /api/empresas HTTP/1.1" 200 -
2025-07-10 17:01:18,881 - werkzeug - INFO - 127.0.0.1 - - [10/Jul/2025 17:01:18] "GET /api/devoluciones HTTP/1.1" 200 -
2025-07-10 17:01:18,912 - werkzeug - INFO - 127.0.0.1 - - [10/Jul/2025 17:01:18] "GET /api/empresas HTTP/1.1" 200 -
2025-07-10 17:05:01,639 - werkzeug - INFO - 127.0.0.1 - - [10/Jul/2025 17:05:01] "GET /api/empresas HTTP/1.1" 200 -
2025-07-10 17:05:01,640 - werkzeug - INFO - 127.0.0.1 - - [10/Jul/2025 17:05:01] "GET /api/devoluciones HTTP/1.1" 200 -
2025-07-10 17:05:06,528 - werkzeug - INFO - 127.0.0.1 - - [10/Jul/2025 17:05:06] "GET /api/devoluciones HTTP/1.1" 200 -
2025-07-10 17:05:06,843 - werkzeug - INFO - 127.0.0.1 - - [10/Jul/2025 17:05:06] "GET /api/empresas HTTP/1.1" 200 -
2025-07-10 17:06:05,671 - werkzeug - INFO - 127.0.0.1 - - [10/Jul/2025 17:06:05] "GET /api/devoluciones HTTP/1.1" 200 -
2025-07-10 17:06:05,672 - werkzeug - INFO - 127.0.0.1 - - [10/Jul/2025 17:06:05] "GET /api/empresas HTTP/1.1" 200 -
2025-07-11 07:31:41,733 - werkzeug - INFO - 127.0.0.1 - - [11/Jul/2025 07:31:41] "GET /api/empresas HTTP/1.1" 200 -
2025-07-11 07:31:41,734 - werkzeug - INFO - 127.0.0.1 - - [11/Jul/2025 07:31:41] "GET /api/devoluciones HTTP/1.1" 200 -
2025-07-11 07:38:54,407 - werkzeug - INFO - 127.0.0.1 - - [11/Jul/2025 07:38:54] "GET /api/empresas HTTP/1.1" 200 -
2025-07-11 07:38:54,408 - werkzeug - INFO - 127.0.0.1 - - [11/Jul/2025 07:38:54] "GET /api/devoluciones HTTP/1.1" 200 -
2025-07-11 07:39:19,436 - werkzeug - INFO - 127.0.0.1 - - [11/Jul/2025 07:39:19] "GET /api/devoluciones HTTP/1.1" 200 -
2025-07-11 07:39:19,752 - werkzeug - INFO - 127.0.0.1 - - [11/Jul/2025 07:39:19] "GET /api/empresas HTTP/1.1" 200 -
2025-07-11 07:39:34,135 - werkzeug - INFO - 127.0.0.1 - - [11/Jul/2025 07:39:34] "GET /api/empresas HTTP/1.1" 200 -
2025-07-11 07:39:34,136 - werkzeug - INFO - 127.0.0.1 - - [11/Jul/2025 07:39:34] "GET /api/devoluciones HTTP/1.1" 200 -
2025-07-11 07:41:24,269 - werkzeug - INFO - 127.0.0.1 - - [11/Jul/2025 07:41:24] "GET /api/devoluciones HTTP/1.1" 200 -
2025-07-11 07:41:24,273 - werkzeug - INFO - 127.0.0.1 - - [11/Jul/2025 07:41:24] "GET /api/empresas HTTP/1.1" 200 -
2025-07-11 07:41:29,260 - werkzeug - INFO - 127.0.0.1 - - [11/Jul/2025 07:41:29] "GET /api/devoluciones HTTP/1.1" 200 -
2025-07-11 07:41:29,576 - werkzeug - INFO - 127.0.0.1 - - [11/Jul/2025 07:41:29] "GET /api/empresas HTTP/1.1" 200 -
2025-07-11 07:42:22,987 - werkzeug - INFO - 127.0.0.1 - - [11/Jul/2025 07:42:22] "GET /api/devoluciones HTTP/1.1" 200 -
2025-07-11 07:42:22,988 - werkzeug - INFO - 127.0.0.1 - - [11/Jul/2025 07:42:22] "GET /api/empresas HTTP/1.1" 200 -
2025-07-11 07:43:02,302 - werkzeug - INFO - 127.0.0.1 - - [11/Jul/2025 07:43:02] "GET /api/devoluciones HTTP/1.1" 200 -
2025-07-11 07:43:02,610 - werkzeug - INFO - 127.0.0.1 - - [11/Jul/2025 07:43:02] "GET /api/empresas HTTP/1.1" 200 -
2025-07-11 07:43:15,065 - werkzeug - INFO - 127.0.0.1 - - [11/Jul/2025 07:43:15] "GET /api/devoluciones HTTP/1.1" 200 -
2025-07-11 07:43:15,067 - werkzeug - INFO - 127.0.0.1 - - [11/Jul/2025 07:43:15] "GET /api/empresas HTTP/1.1" 200 -
2025-07-11 07:44:34,460 - werkzeug - INFO - 127.0.0.1 - - [11/Jul/2025 07:44:34] "GET /api/devoluciones HTTP/1.1" 200 -
2025-07-11 07:44:34,461 - werkzeug - INFO - 127.0.0.1 - - [11/Jul/2025 07:44:34] "GET /api/empresas HTTP/1.1" 200 -
2025-07-11 07:44:39,841 - werkzeug - INFO - 127.0.0.1 - - [11/Jul/2025 07:44:39] "GET /api/devoluciones HTTP/1.1" 200 -
2025-07-11 07:44:40,145 - werkzeug - INFO - 127.0.0.1 - - [11/Jul/2025 07:44:40] "GET /api/empresas HTTP/1.1" 200 -
2025-07-11 07:45:04,281 - werkzeug - INFO - 127.0.0.1 - - [11/Jul/2025 07:45:04] "GET /api/devoluciones HTTP/1.1" 200 -
2025-07-11 07:45:04,281 - werkzeug - INFO - 127.0.0.1 - - [11/Jul/2025 07:45:04] "GET /api/empresas HTTP/1.1" 200 -
2025-07-11 07:45:09,304 - werkzeug - INFO - 127.0.0.1 - - [11/Jul/2025 07:45:09] "GET /api/devoluciones HTTP/1.1" 200 -
2025-07-11 07:45:09,611 - werkzeug - INFO - 127.0.0.1 - - [11/Jul/2025 07:45:09] "GET /api/empresas HTTP/1.1" 200 -
2025-07-11 07:45:17,232 - werkzeug - INFO - 127.0.0.1 - - [11/Jul/2025 07:45:17] "GET /api/devoluciones HTTP/1.1" 200 -
2025-07-11 07:45:17,232 - werkzeug - INFO - 127.0.0.1 - - [11/Jul/2025 07:45:17] "GET /api/empresas HTTP/1.1" 200 -
